start
right transpose start
WARNING: Logging before InitGoogleLogging() is written to STDERR
I0909 11:16:11.374701  8828 sass_function.cu:64] Load kernel: sgemm_nt_128x128_vec
I0909 11:16:11.374864  8828 sass_function.cu:65] Load kernel time: 0.00077152
I0909 11:16:11.375095  8828 sass_function.cu:88] Compute time: 8.5312e-05
GPU running time: 0.00137215
CPU running time: 0.00533066
right transpose start
I0909 11:16:11.404109  8828 sass_function.cu:64] Load kernel: sgemm_nt_128x128_vec
I0909 11:16:11.404132  8828 sass_function.cu:65] Load kernel time: 2.08e-06
I0909 11:16:11.404314  8828 sass_function.cu:88] Compute time: 8.9632e-05
GPU running time: 0.000433429
CPU running time: 0.00142116
right transpose start
I0909 11:16:11.430430  8828 sass_function.cu:64] Load kernel: sgemm_nt_128x128_vec
I0909 11:16:11.430452  8828 sass_function.cu:65] Load kernel time: 2.144e-06
I0909 11:16:11.430662  8828 sass_function.cu:88] Compute time: 0.000117376
GPU running time: 0.000366158
CPU running time: 0.00159727
right transpose start
I0909 11:16:11.458948  8828 sass_function.cu:64] Load kernel: sgemm_nt_128x128_vec
I0909 11:16:11.458976  8828 sass_function.cu:65] Load kernel time: 3.936e-06
I0909 11:16:11.459285  8828 sass_function.cu:88] Compute time: 0.000214272
GPU running time: 0.00046326
CPU running time: 0.00160662
right transpose start
I0909 11:16:11.490913  8828 sass_function.cu:64] Load kernel: sgemm_nt_128x128_vec
I0909 11:16:11.490936  8828 sass_function.cu:65] Load kernel time: 2.24e-06
I0909 11:16:11.491292  8828 sass_function.cu:88] Compute time: 0.000265024
GPU running time: 0.000604065
CPU running time: 0.00245968
right transpose start
I0909 11:16:11.526671  8828 sass_function.cu:64] Load kernel: sgemm_nt_128x128_vec
I0909 11:16:11.526695  8828 sass_function.cu:65] Load kernel time: 2.08e-06
I0909 11:16:11.527266  8828 sass_function.cu:88] Compute time: 0.000477984
GPU running time: 0.000716911
CPU running time: 0.00312664
right transpose start
I0909 11:16:11.566206  8828 sass_function.cu:64] Load kernel: sgemm_nt_128x128_vec
I0909 11:16:11.566232  8828 sass_function.cu:65] Load kernel time: 3.584e-06
I0909 11:16:11.566992  8828 sass_function.cu:88] Compute time: 0.00066832
GPU running time: 0.00101633
CPU running time: 0.00453556
right transpose start
I0909 11:16:11.609985  8828 sass_function.cu:64] Load kernel: sgemm_nt_128x128_vec
I0909 11:16:11.610013  8828 sass_function.cu:65] Load kernel time: 3.616e-06
I0909 11:16:11.611203  8828 sass_function.cu:88] Compute time: 0.00109421
GPU running time: 0.00135986
CPU running time: 0.00564523
right transpose start
I0909 11:16:11.658208  8828 sass_function.cu:64] Load kernel: sgemm_nt_128x128_vec
I0909 11:16:11.658243  8828 sass_function.cu:65] Load kernel time: 4.384e-06
I0909 11:16:11.659801  8828 sass_function.cu:88] Compute time: 0.00147744
GPU running time: 0.00181676
CPU running time: 0.00713922
right transpose start
I0909 11:16:11.711870  8828 sass_function.cu:64] Load kernel: sgemm_nt_128x128_vec
I0909 11:16:11.711907  8828 sass_function.cu:65] Load kernel time: 4.768e-06
I0909 11:16:11.713768  8828 sass_function.cu:88] Compute time: 0.001792
GPU running time: 0.00199809
CPU running time: 0.0160732
right transpose start
I0909 11:16:11.779539  8828 sass_function.cu:64] Load kernel: sgemm_nt_128x128_vec
I0909 11:16:11.779578  8828 sass_function.cu:65] Load kernel time: 5.408e-06
I0909 11:16:11.782104  8828 sass_function.cu:88] Compute time: 0.0024471
GPU running time: 0.0027896
CPU running time: 0.0208639
right transpose start
I0909 11:16:11.856932  8828 sass_function.cu:64] Load kernel: sgemm_nt_128x128_vec
I0909 11:16:11.856976  8828 sass_function.cu:65] Load kernel time: 5.504e-06
I0909 11:16:11.860235  8828 sass_function.cu:88] Compute time: 0.00319005
GPU running time: 0.00350836
CPU running time: 0.0267602
right transpose start
I0909 11:16:11.946018  8828 sass_function.cu:64] Load kernel: sgemm_nt_128x128_vec
I0909 11:16:11.946058  8828 sass_function.cu:65] Load kernel time: 5.824e-06
I0909 11:16:11.950173  8828 sass_function.cu:88] Compute time: 0.00403251
GPU running time: 0.00436994
CPU running time: 0.0338756
right transpose start
I0909 11:16:12.048946  8828 sass_function.cu:64] Load kernel: sgemm_nt_128x128_vec
I0909 11:16:12.048995  8828 sass_function.cu:65] Load kernel time: 0.000181568
I0909 11:16:12.054168  8828 sass_function.cu:88] Compute time: 0.00507206
GPU running time: 0.0054989
CPU running time: 0.041819
right transpose start
I0909 11:16:12.170102  8828 sass_function.cu:64] Load kernel: sgemm_nt_128x128_vec
I0909 11:16:12.170147  8828 sass_function.cu:65] Load kernel time: 0.00016352
I0909 11:16:12.176419  8828 sass_function.cu:88] Compute time: 0.00618874
GPU running time: 0.00657472
CPU running time: 0.0516457
right transpose start
I0909 11:16:12.309283  8828 sass_function.cu:64] Load kernel: sgemm_nt_128x128_vec
I0909 11:16:12.309329  8828 sass_function.cu:65] Load kernel time: 0.00016352
I0909 11:16:12.316468  8828 sass_function.cu:88] Compute time: 0.00705507
GPU running time: 0.00744466
CPU running time: 0.0627704
right transpose start
I0909 11:16:12.467293  8828 sass_function.cu:64] Load kernel: sgemm_nt_128x128_vec
I0909 11:16:12.467335  8828 sass_function.cu:65] Load kernel time: 0.000164224
I0909 11:16:12.476858  8828 sass_function.cu:88] Compute time: 0.00943805
GPU running time: 0.00982519
CPU running time: 0.593697
right transpose start
I0909 11:16:13.166923  8828 sass_function.cu:64] Load kernel: sgemm_nt_128x128_vec
I0909 11:16:13.166970  8828 sass_function.cu:65] Load kernel time: 0.000164448
I0909 11:16:13.178231  8828 sass_function.cu:88] Compute time: 0.0111791
GPU running time: 0.01156
CPU running time: 0.0884398
right transpose start
I0909 11:16:13.371500  8828 sass_function.cu:64] Load kernel: sgemm_nt_128x128_vec
I0909 11:16:13.371580  8828 sass_function.cu:65] Load kernel time: 2.08e-06
I0909 11:16:13.384124  8828 sass_function.cu:88] Compute time: 0.0123167
GPU running time: 0.0131602
CPU running time: 0.10358
right transpose start
I0909 11:16:13.600903  8828 sass_function.cu:64] Load kernel: sgemm_nt_128x128_vec
I0909 11:16:13.600947  8828 sass_function.cu:65] Load kernel time: 2.016e-06
I0909 11:16:13.616329  8828 sass_function.cu:88] Compute time: 0.0151269
GPU running time: 0.0161259
CPU running time: 0.119934
right transpose start
I0909 11:16:13.858736  8828 sass_function.cu:64] Load kernel: sgemm_nt_128x128_vec
I0909 11:16:13.858817  8828 sass_function.cu:65] Load kernel time: 2.08e-06
I0909 11:16:13.876139  8828 sass_function.cu:88] Compute time: 0.0171287
GPU running time: 0.0179923
CPU running time: 0.138906
right transpose start
I0909 11:16:14.147035  8828 sass_function.cu:64] Load kernel: sgemm_nt_128x128_vec
I0909 11:16:14.147076  8828 sass_function.cu:65] Load kernel time: 2.048e-06
I0909 11:16:14.166471  8828 sass_function.cu:88] Compute time: 0.019162
GPU running time: 0.0200378
CPU running time: 0.151585
right transpose start
I0909 11:16:14.459666  8828 sass_function.cu:64] Load kernel: sgemm_nt_128x128_vec
I0909 11:16:14.459712  8828 sass_function.cu:65] Load kernel time: 2.016e-06
I0909 11:16:14.481616  8828 sass_function.cu:88] Compute time: 0.0217054
GPU running time: 0.0224746
CPU running time: 0.169699
right transpose start
I0909 11:16:14.793555  8828 sass_function.cu:64] Load kernel: sgemm_nt_128x128_vec
I0909 11:16:14.793602  8828 sass_function.cu:65] Load kernel time: 2.016e-06
I0909 11:16:14.819520  8828 sass_function.cu:88] Compute time: 0.0256951
GPU running time: 0.0264605
CPU running time: 0.108735
right transpose start
I0909 11:16:15.081241  8828 sass_function.cu:64] Load kernel: sgemm_nt_128x128_vec
I0909 11:16:15.081290  8828 sass_function.cu:65] Load kernel time: 2.176e-06
I0909 11:16:15.111418  8828 sass_function.cu:88] Compute time: 0.0298823
GPU running time: 0.0307108
CPU running time: 0.121506
right transpose start
I0909 11:16:15.397195  8828 sass_function.cu:64] Load kernel: sgemm_nt_128x128_vec
I0909 11:16:15.397248  8828 sass_function.cu:65] Load kernel time: 2.208e-06
I0909 11:16:15.428896  8828 sass_function.cu:88] Compute time: 0.0313895
GPU running time: 0.0322154
CPU running time: 0.135294
right transpose start
I0909 11:16:15.739867  8828 sass_function.cu:64] Load kernel: sgemm_nt_128x128_vec
I0909 11:16:15.739919  8828 sass_function.cu:65] Load kernel time: 2.208e-06
I0909 11:16:15.775929  8828 sass_function.cu:88] Compute time: 0.0357464
GPU running time: 0.0366775
CPU running time: 0.151466
right transpose start
I0909 11:16:16.115041  8828 sass_function.cu:64] Load kernel: sgemm_nt_128x128_vec
I0909 11:16:16.115090  8828 sass_function.cu:65] Load kernel time: 2.144e-06
I0909 11:16:16.156471  8828 sass_function.cu:88] Compute time: 0.0411238
GPU running time: 0.0419336
CPU running time: 0.167919
right transpose start
I0909 11:16:16.524511  8828 sass_function.cu:64] Load kernel: sgemm_nt_128x128_vec
I0909 11:16:16.524561  8828 sass_function.cu:65] Load kernel time: 2.176e-06
I0909 11:16:16.569744  8828 sass_function.cu:88] Compute time: 0.0449298
GPU running time: 0.0457349
CPU running time: 0.185948
right transpose start
I0909 11:16:16.969636  8828 sass_function.cu:64] Load kernel: sgemm_nt_128x128_vec
I0909 11:16:16.969688  8828 sass_function.cu:65] Load kernel time: 2.176e-06
I0909 11:16:17.021685  8828 sass_function.cu:88] Compute time: 0.0517417
GPU running time: 0.0526615
CPU running time: 0.204854
right transpose start
I0909 11:16:17.453235  8828 sass_function.cu:64] Load kernel: sgemm_nt_128x128_vec
I0909 11:16:17.453284  8828 sass_function.cu:65] Load kernel time: 2.208e-06
I0909 11:16:17.509276  8828 sass_function.cu:88] Compute time: 0.055722
GPU running time: 0.0567717
CPU running time: 0.225313
right transpose start
I0909 11:16:17.974723  8828 sass_function.cu:64] Load kernel: sgemm_nt_128x128_vec
I0909 11:16:17.974774  8828 sass_function.cu:65] Load kernel time: 2.208e-06
I0909 11:16:18.028723  8828 sass_function.cu:88] Compute time: 0.0536876
GPU running time: 0.0545027
CPU running time: 0.24446
right transpose start
I0909 11:16:18.527761  8828 sass_function.cu:64] Load kernel: sgemm_nt_128x128_vec
I0909 11:16:18.527801  8828 sass_function.cu:65] Load kernel time: 2.176e-06
I0909 11:16:18.601408  8828 sass_function.cu:88] Compute time: 0.0733559
GPU running time: 0.0741487
CPU running time: 0.270247
index: 222324 gpu: 305.589 cpu: 305.59
index: 3688066 gpu: -272.558 cpu: -272.559
right transpose start
I0909 11:16:19.141855  8828 sass_function.cu:64] Load kernel: sgemm_nt_128x128_vec
I0909 11:16:19.141897  8828 sass_function.cu:65] Load kernel time: 2.176e-06
I0909 11:16:19.219117  8828 sass_function.cu:88] Compute time: 0.0769644
GPU running time: 0.0780101
CPU running time: 0.294022
index: 9924058 gpu: -157.607 cpu: -157.606
index: 16601002 gpu: -194.602 cpu: -194.603
right transpose start
I0909 11:16:19.797791  8828 sass_function.cu:64] Load kernel: sgemm_nt_128x128_vec
I0909 11:16:19.797845  8828 sass_function.cu:65] Load kernel time: 2.208e-06
I0909 11:16:19.881052  8828 sass_function.cu:88] Compute time: 0.0829274
GPU running time: 0.0837865
CPU running time: 0.318946
index: 8349533 gpu: -186.388 cpu: -186.387
index: 12910149 gpu: -244.933 cpu: -244.935
right transpose start
I0909 11:16:20.501000  8828 sass_function.cu:64] Load kernel: sgemm_nt_128x128_vec
I0909 11:16:20.501047  8828 sass_function.cu:65] Load kernel time: 2.176e-06
I0909 11:16:20.596199  8828 sass_function.cu:88] Compute time: 0.0948954
GPU running time: 0.0956952
CPU running time: 0.346212
index: 3154244 gpu: 256.738 cpu: 256.739
index: 3528134 gpu: 189.819 cpu: 189.818
index: 5813657 gpu: 308.649 cpu: 308.648
index: 10147893 gpu: -311.787 cpu: -311.785
index: 11538859 gpu: -301.433 cpu: -301.432
index: 14683631 gpu: -270.378 cpu: -270.377
index: 14802911 gpu: -138.824 cpu: -138.825
index: 18389103 gpu: -318.347 cpu: -318.348
right transpose start
I0909 11:16:21.259117  8828 sass_function.cu:64] Load kernel: sgemm_nt_128x128_vec
I0909 11:16:21.259158  8828 sass_function.cu:65] Load kernel time: 2.144e-06
I0909 11:16:21.361340  8828 sass_function.cu:88] Compute time: 0.101923
GPU running time: 0.10274
CPU running time: 0.376084
index: 885562 gpu: -200.934 cpu: -200.933
index: 1139724 gpu: -233.479 cpu: -233.478
index: 5143435 gpu: -178.407 cpu: -178.408
index: 5476921 gpu: 225.777 cpu: 225.776
index: 6190911 gpu: 210.936 cpu: 210.937
index: 7617938 gpu: -233.247 cpu: -233.248
index: 8328589 gpu: 213.493 cpu: 213.495
index: 10757659 gpu: 319.942 cpu: 319.941
index: 12154307 gpu: -145.506 cpu: -145.504
index: 12372593 gpu: 329.612 cpu: 329.611
index: 13922801 gpu: -135.899 cpu: -135.898
index: 14287571 gpu: -255.448 cpu: -255.447
right transpose start
I0909 11:16:22.071693  8828 sass_function.cu:64] Load kernel: sgemm_nt_128x128_vec
I0909 11:16:22.071743  8828 sass_function.cu:65] Load kernel time: 2.176e-06
I0909 11:16:22.180970  8828 sass_function.cu:88] Compute time: 0.108956
GPU running time: 0.109869
CPU running time: 0.404456
index: 929588 gpu: -262.469 cpu: -262.468
index: 1428662 gpu: -316.43 cpu: -316.431
index: 2504694 gpu: 258.23 cpu: 258.231
index: 4888437 gpu: -274.139 cpu: -274.138
index: 4973198 gpu: -325.523 cpu: -325.524
index: 5901033 gpu: -327.468 cpu: -327.469
index: 7455869 gpu: -248.681 cpu: -248.682
index: 8823546 gpu: -192.671 cpu: -192.672
index: 9020178 gpu: 144.616 cpu: 144.617
index: 10892470 gpu: 209.705 cpu: 209.704
index: 13515138 gpu: 213.016 cpu: 213.015
index: 13620341 gpu: 301.414 cpu: 301.415
index: 16604806 gpu: -249.693 cpu: -249.692
index: 17315733 gpu: -291.63 cpu: -291.631
index: 17913074 gpu: -278.223 cpu: -278.224
index: 19721141 gpu: -290.769 cpu: -290.77
index: 20395854 gpu: 104.468 cpu: 104.467
index: 22501330 gpu: -306.391 cpu: -306.39
right transpose start
I0909 11:16:22.935925  8828 sass_function.cu:64] Load kernel: sgemm_nt_128x128_vec
I0909 11:16:22.935972  8828 sass_function.cu:65] Load kernel time: 2.176e-06
I0909 11:16:23.057739  8828 sass_function.cu:88] Compute time: 0.121511
GPU running time: 0.122415
CPU running time: 0.437807
index: 1233187 gpu: 292.705 cpu: 292.706
index: 1368066 gpu: -258.636 cpu: -258.635
index: 1477893 gpu: 273.84 cpu: 273.841
index: 3089883 gpu: 143.735 cpu: 143.736
index: 4317669 gpu: -290.984 cpu: -290.982
index: 4876479 gpu: -177.156 cpu: -177.157
index: 5727401 gpu: 246.528 cpu: 246.529
index: 7898036 gpu: -166.32 cpu: -166.319
index: 8157863 gpu: -314.907 cpu: -314.906
index: 8425180 gpu: -290.036 cpu: -290.037
index: 9711105 gpu: 232.571 cpu: 232.57
index: 10060760 gpu: -205.425 cpu: -205.426
index: 10090610 gpu: 315.538 cpu: 315.536
index: 12123936 gpu: 223.553 cpu: 223.552
index: 12612538 gpu: 182.136 cpu: 182.137
index: 13732673 gpu: -189.887 cpu: -189.888
index: 15806115 gpu: -281.612 cpu: -281.613
index: 17180412 gpu: -142.254 cpu: -142.253
index: 17606187 gpu: -162.934 cpu: -162.933
index: 18190272 gpu: -266.691 cpu: -266.692
index: 19731900 gpu: 185.116 cpu: 185.117
index: 20435946 gpu: -270.259 cpu: -270.258
index: 22009646 gpu: 207.802 cpu: 207.803
index: 23194776 gpu: -258.068 cpu: -258.069
index: 23328742 gpu: -148.126 cpu: -148.125
index: 23631288 gpu: 155.05 cpu: 155.049
right transpose start
I0909 11:16:23.862654  8828 sass_function.cu:64] Load kernel: sgemm_nt_128x128_vec
I0909 11:16:23.862702  8828 sass_function.cu:65] Load kernel time: 2.176e-06
I0909 11:16:23.994629  8828 sass_function.cu:88] Compute time: 0.131668
GPU running time: 0.132479
CPU running time: 0.473901
index: 383449 gpu: -279.92 cpu: -279.921
index: 577880 gpu: -180.82 cpu: -180.819
index: 614049 gpu: 300.161 cpu: 300.16
index: 2405625 gpu: 305.147 cpu: 305.148
index: 3063553 gpu: 118.17 cpu: 118.171
index: 3903840 gpu: 170.8 cpu: 170.801
index: 4929168 gpu: 166.832 cpu: 166.833
index: 5592153 gpu: -249.323 cpu: -249.322
index: 5608252 gpu: 272.595 cpu: 272.594
index: 5626677 gpu: -188.892 cpu: -188.891
index: 7557406 gpu: 293.515 cpu: 293.514
index: 8105695 gpu: -270.352 cpu: -270.353
index: 8265782 gpu: -152.083 cpu: -152.084
index: 8526632 gpu: 160.915 cpu: 160.916
index: 9025382 gpu: 130.927 cpu: 130.929
index: 11375521 gpu: -169.634 cpu: -169.633
index: 11552066 gpu: 285.239 cpu: 285.24
index: 14035685 gpu: -295.44 cpu: -295.439
index: 14916024 gpu: 189.192 cpu: 189.193
index: 15201737 gpu: 260.159 cpu: 260.158
index: 16379452 gpu: 159.126 cpu: 159.125
index: 16796213 gpu: 182.109 cpu: 182.11
index: 17379603 gpu: 151.248 cpu: 151.247
index: 18064517 gpu: -202.502 cpu: -202.503
index: 19633791 gpu: 277.057 cpu: 277.058
index: 20055978 gpu: 159.378 cpu: 159.379
index: 20164826 gpu: -137.245 cpu: -137.246
index: 21113565 gpu: -284.349 cpu: -284.35
index: 21275647 gpu: -355.36 cpu: -355.361
index: 21282624 gpu: 276.958 cpu: 276.956
index: 22428241 gpu: 168.321 cpu: 168.32
index: 23908405 gpu: 220.213 cpu: 220.212
index: 24741643 gpu: -280.626 cpu: -280.625
index: 25325878 gpu: -297.939 cpu: -297.938
index: 26115810 gpu: -267.054 cpu: -267.053
end
