start
no transpose start
WARNING: Logging before InitGoogleLogging() is written to STDERR
I0903 21:06:59.568022 11007 sass_function.cu:64] Load kernel: sgemm_nn_128x128_vec
I0903 21:06:59.568179 11007 sass_function.cu:65] Load kernel time: 0.000774496
I0903 21:06:59.568349 11007 sass_function.cu:88] Compute time: 7.5424e-05
GPU running time: 0.00126907
CPU running time: 0.00522723
no transpose start
I0903 21:06:59.597129 11007 sass_function.cu:64] Load kernel: sgemm_nn_128x128_vec
I0903 21:06:59.597153 11007 sass_function.cu:65] Load kernel time: 2.4e-06
I0903 21:06:59.597328 11007 sass_function.cu:88] Compute time: 8.256e-05
GPU running time: 0.000425205
CPU running time: 0.00130134
no transpose start
I0903 21:06:59.623266 11007 sass_function.cu:64] Load kernel: sgemm_nn_128x128_vec
I0903 21:06:59.623291 11007 sass_function.cu:65] Load kernel time: 2.464e-06
I0903 21:06:59.623486 11007 sass_function.cu:88] Compute time: 0.000104928
GPU running time: 0.000349598
CPU running time: 0.00151586
no transpose start
I0903 21:06:59.651866 11007 sass_function.cu:64] Load kernel: sgemm_nn_128x128_vec
I0903 21:06:59.651890 11007 sass_function.cu:65] Load kernel time: 2.464e-06
I0903 21:06:59.652211 11007 sass_function.cu:88] Compute time: 0.0002312
GPU running time: 0.000467282
CPU running time: 0.0019293
no transpose start
I0903 21:06:59.684389 11007 sass_function.cu:64] Load kernel: sgemm_nn_128x128_vec
I0903 21:06:59.684412 11007 sass_function.cu:65] Load kernel time: 2.592e-06
I0903 21:06:59.684782 11007 sass_function.cu:88] Compute time: 0.00027792
GPU running time: 0.000616032
CPU running time: 0.00269416
no transpose start
I0903 21:06:59.720793 11007 sass_function.cu:64] Load kernel: sgemm_nn_128x128_vec
I0903 21:06:59.720819 11007 sass_function.cu:65] Load kernel time: 4.256e-06
I0903 21:06:59.721385 11007 sass_function.cu:88] Compute time: 0.000471488
GPU running time: 0.000719893
CPU running time: 0.00346159
no transpose start
I0903 21:06:59.760677 11007 sass_function.cu:64] Load kernel: sgemm_nn_128x128_vec
I0903 21:06:59.760705 11007 sass_function.cu:65] Load kernel time: 4.224e-06
I0903 21:06:59.761508 11007 sass_function.cu:88] Compute time: 0.000711136
GPU running time: 0.00106404
CPU running time: 0.00434028
no transpose start
I0903 21:06:59.804198 11007 sass_function.cu:64] Load kernel: sgemm_nn_128x128_vec
I0903 21:06:59.804229 11007 sass_function.cu:65] Load kernel time: 4.224e-06
I0903 21:06:59.805321 11007 sass_function.cu:88] Compute time: 0.000993344
GPU running time: 0.00126138
CPU running time: 0.00553842
no transpose start
I0903 21:06:59.852782 11007 sass_function.cu:64] Load kernel: sgemm_nn_128x128_vec
I0903 21:06:59.852819 11007 sass_function.cu:65] Load kernel time: 5.216e-06
I0903 21:06:59.854480 11007 sass_function.cu:88] Compute time: 0.00156765
GPU running time: 0.00192738
CPU running time: 0.00736126
no transpose start
I0903 21:06:59.907227 11007 sass_function.cu:64] Load kernel: sgemm_nn_128x128_vec
I0903 21:06:59.907265 11007 sass_function.cu:65] Load kernel time: 5.6e-06
I0903 21:06:59.909283 11007 sass_function.cu:88] Compute time: 0.00194989
GPU running time: 0.00211336
CPU running time: 0.00929127
no transpose start
I0903 21:06:59.968420 11007 sass_function.cu:64] Load kernel: sgemm_nn_128x128_vec
I0903 21:06:59.968458 11007 sass_function.cu:65] Load kernel time: 5.76e-06
I0903 21:06:59.971231 11007 sass_function.cu:88] Compute time: 0.00269946
GPU running time: 0.00287274
CPU running time: 0.011851
no transpose start
I0903 21:07:00.036798 11007 sass_function.cu:64] Load kernel: sgemm_nn_128x128_vec
I0903 21:07:00.036837 11007 sass_function.cu:65] Load kernel time: 5.984e-06
I0903 21:07:00.040632 11007 sass_function.cu:88] Compute time: 0.0036449
GPU running time: 0.00396208
CPU running time: 0.0148614
no transpose start
I0903 21:07:00.114737 11007 sass_function.cu:64] Load kernel: sgemm_nn_128x128_vec
I0903 21:07:00.114774 11007 sass_function.cu:65] Load kernel time: 6.304e-06
I0903 21:07:00.119134 11007 sass_function.cu:88] Compute time: 0.0042888
GPU running time: 0.00457758
CPU running time: 0.0186077
no transpose start
I0903 21:07:00.202205 11007 sass_function.cu:64] Load kernel: sgemm_nn_128x128_vec
I0903 21:07:00.202247 11007 sass_function.cu:65] Load kernel time: 6.176e-06
I0903 21:07:00.208147 11007 sass_function.cu:88] Compute time: 0.00582973
GPU running time: 0.00616569
CPU running time: 0.022672
no transpose start
I0903 21:07:00.300638 11007 sass_function.cu:64] Load kernel: sgemm_nn_128x128_vec
I0903 21:07:00.300680 11007 sass_function.cu:65] Load kernel time: 5.728e-06
I0903 21:07:00.307636 11007 sass_function.cu:88] Compute time: 0.00685136
GPU running time: 0.00705988
CPU running time: 0.0278046
no transpose start
I0903 21:07:00.411659 11007 sass_function.cu:64] Load kernel: sgemm_nn_128x128_vec
I0903 21:07:00.411701 11007 sass_function.cu:65] Load kernel time: 6.176e-06
I0903 21:07:00.419339 11007 sass_function.cu:88] Compute time: 0.00756733
GPU running time: 0.0078976
CPU running time: 0.0342729
no transpose start
I0903 21:07:00.536813 11007 sass_function.cu:64] Load kernel: sgemm_nn_128x128_vec
I0903 21:07:00.536856 11007 sass_function.cu:65] Load kernel time: 6.432e-06
I0903 21:07:00.546811 11007 sass_function.cu:88] Compute time: 0.00984272
GPU running time: 0.0102471
CPU running time: 0.488991
no transpose start
I0903 21:07:01.126554 11007 sass_function.cu:64] Load kernel: sgemm_nn_128x128_vec
I0903 21:07:01.126600 11007 sass_function.cu:65] Load kernel time: 6.432e-06
I0903 21:07:01.138797 11007 sass_function.cu:88] Compute time: 0.0120835
GPU running time: 0.0125254
CPU running time: 0.0482251
no transpose start
I0903 21:07:01.285140 11007 sass_function.cu:64] Load kernel: sgemm_nn_128x128_vec
I0903 21:07:01.285187 11007 sass_function.cu:65] Load kernel time: 6.048e-06
I0903 21:07:01.298866 11007 sass_function.cu:88] Compute time: 0.013589
GPU running time: 0.0139813
CPU running time: 0.0560113
no transpose start
I0903 21:07:01.461076 11007 sass_function.cu:64] Load kernel: sgemm_nn_128x128_vec
I0903 21:07:01.461119 11007 sass_function.cu:65] Load kernel time: 6.304e-06
I0903 21:07:01.477339 11007 sass_function.cu:88] Compute time: 0.0161306
GPU running time: 0.0165245
CPU running time: 0.064762
no transpose start
I0903 21:07:01.659215 11007 sass_function.cu:64] Load kernel: sgemm_nn_128x128_vec
I0903 21:07:01.659261 11007 sass_function.cu:65] Load kernel time: 2.048e-06
I0903 21:07:01.679121 11007 sass_function.cu:88] Compute time: 0.0196905
GPU running time: 0.0203439
CPU running time: 0.0742339
no transpose start
I0903 21:07:01.877526 11007 sass_function.cu:64] Load kernel: sgemm_nn_128x128_vec
I0903 21:07:01.877568 11007 sass_function.cu:65] Load kernel time: 2.048e-06
I0903 21:07:01.898808 11007 sass_function.cu:88] Compute time: 0.0210622
GPU running time: 0.0217535
CPU running time: 0.0843758
no transpose start
I0903 21:07:02.117147 11007 sass_function.cu:64] Load kernel: sgemm_nn_128x128_vec
I0903 21:07:02.117192 11007 sass_function.cu:65] Load kernel time: 2.016e-06
I0903 21:07:02.141140 11007 sass_function.cu:88] Compute time: 0.0236858
GPU running time: 0.0244576
CPU running time: 0.0963785
no transpose start
I0903 21:07:02.381158 11007 sass_function.cu:64] Load kernel: sgemm_nn_128x128_vec
I0903 21:07:02.381201 11007 sass_function.cu:65] Load kernel time: 2.048e-06
I0903 21:07:02.409914 11007 sass_function.cu:88] Compute time: 0.0284675
GPU running time: 0.0291944
CPU running time: 0.110531
no transpose start
I0903 21:07:02.675078 11007 sass_function.cu:64] Load kernel: sgemm_nn_128x128_vec
I0903 21:07:02.675127 11007 sass_function.cu:65] Load kernel time: 2.208e-06
I0903 21:07:02.706660 11007 sass_function.cu:88] Compute time: 0.0312275
GPU running time: 0.0321877
CPU running time: 0.12296
no transpose start
I0903 21:07:02.995591 11007 sass_function.cu:64] Load kernel: sgemm_nn_128x128_vec
I0903 21:07:02.995641 11007 sass_function.cu:65] Load kernel time: 2.176e-06
I0903 21:07:03.030956 11007 sass_function.cu:88] Compute time: 0.0350516
GPU running time: 0.0360835
CPU running time: 0.137183
no transpose start
I0903 21:07:03.345551 11007 sass_function.cu:64] Load kernel: sgemm_nn_128x128_vec
I0903 21:07:03.345616 11007 sass_function.cu:65] Load kernel time: 2.208e-06
I0903 21:07:03.385974 11007 sass_function.cu:88] Compute time: 0.0400608
GPU running time: 0.0409437
CPU running time: 0.153181
no transpose start
I0903 21:07:03.728566 11007 sass_function.cu:64] Load kernel: sgemm_nn_128x128_vec
I0903 21:07:03.728615 11007 sass_function.cu:65] Load kernel time: 2.176e-06
I0903 21:07:03.773823 11007 sass_function.cu:88] Compute time: 0.0449332
GPU running time: 0.0457742
CPU running time: 0.17066
no transpose start
I0903 21:07:04.146738 11007 sass_function.cu:64] Load kernel: sgemm_nn_128x128_vec
I0903 21:07:04.146773 11007 sass_function.cu:65] Load kernel time: 2.176e-06
I0903 21:07:04.195544 11007 sass_function.cu:88] Compute time: 0.0484861
GPU running time: 0.049415
CPU running time: 0.188485
no transpose start
I0903 21:07:04.599738 11007 sass_function.cu:64] Load kernel: sgemm_nn_128x128_vec
I0903 21:07:04.599787 11007 sass_function.cu:65] Load kernel time: 2.208e-06
I0903 21:07:04.653540 11007 sass_function.cu:88] Compute time: 0.0534836
GPU running time: 0.0543192
CPU running time: 0.207559
no transpose start
I0903 21:07:05.090240 11007 sass_function.cu:64] Load kernel: sgemm_nn_128x128_vec
I0903 21:07:05.090286 11007 sass_function.cu:65] Load kernel time: 2.176e-06
I0903 21:07:05.149323 11007 sass_function.cu:88] Compute time: 0.058753
GPU running time: 0.0597238
CPU running time: 0.228503
no transpose start
I0903 21:07:05.620069 11007 sass_function.cu:64] Load kernel: sgemm_nn_128x128_vec
I0903 21:07:05.620117 11007 sass_function.cu:65] Load kernel time: 2.208e-06
I0903 21:07:05.678493 11007 sass_function.cu:88] Compute time: 0.0580881
GPU running time: 0.0590554
CPU running time: 0.246881
index: 8109835 gpu: 287.598 cpu: 287.599
index: 13947051 gpu: -262.01 cpu: -262.011
no transpose start
I0903 21:07:06.182636 11007 sass_function.cu:64] Load kernel: sgemm_nn_128x128_vec
I0903 21:07:06.182687 11007 sass_function.cu:65] Load kernel time: 2.208e-06
I0903 21:07:06.262703 11007 sass_function.cu:88] Compute time: 0.0797362
GPU running time: 0.0806989
CPU running time: 0.27418
index: 10401247 gpu: 267.533 cpu: 267.534
index: 11244788 gpu: -289.353 cpu: -289.354
no transpose start
I0903 21:07:06.807996 11007 sass_function.cu:64] Load kernel: sgemm_nn_128x128_vec
I0903 21:07:06.808044 11007 sass_function.cu:65] Load kernel time: 2.24e-06
I0903 21:07:06.886133 11007 sass_function.cu:88] Compute time: 0.0778195
GPU running time: 0.0786713
CPU running time: 0.577002
index: 2911767 gpu: -192.161 cpu: -192.162
index: 6741245 gpu: 222.909 cpu: 222.91
index: 11141057 gpu: 298.105 cpu: 298.104
no transpose start
I0903 21:07:07.749430 11007 sass_function.cu:64] Load kernel: sgemm_nn_128x128_vec
I0903 21:07:07.749480 11007 sass_function.cu:65] Load kernel time: 2.176e-06
I0903 21:07:07.836041 11007 sass_function.cu:88] Compute time: 0.0862929
GPU running time: 0.0871475
CPU running time: 0.397929
index: 897822 gpu: 263.359 cpu: 263.36
index: 7299794 gpu: 193.797 cpu: 193.798
index: 8493830 gpu: 177.417 cpu: 177.418
index: 12912577 gpu: -191.017 cpu: -191.016
index: 13441330 gpu: -166.115 cpu: -166.116
no transpose start
I0903 21:07:08.537358 11007 sass_function.cu:64] Load kernel: sgemm_nn_128x128_vec
I0903 21:07:08.537408 11007 sass_function.cu:65] Load kernel time: 2.208e-06
I0903 21:07:08.635735 11007 sass_function.cu:88] Compute time: 0.0980517
GPU running time: 0.0989
CPU running time: 0.354341
index: 415526 gpu: -189.157 cpu: -189.158
index: 12163136 gpu: 306.647 cpu: 306.648
index: 14556868 gpu: -285.513 cpu: -285.514
index: 19706519 gpu: -301.08 cpu: -301.079
index: 19951617 gpu: 289.759 cpu: 289.758
index: 20738951 gpu: 261.73 cpu: 261.731
no transpose start
I0903 21:07:09.309748 11007 sass_function.cu:64] Load kernel: sgemm_nn_128x128_vec
I0903 21:07:09.309799 11007 sass_function.cu:65] Load kernel time: 2.176e-06
I0903 21:07:09.413089 11007 sass_function.cu:88] Compute time: 0.102993
GPU running time: 0.103854
CPU running time: 0.471576
index: 1423200 gpu: -242.619 cpu: -242.618
index: 2146815 gpu: -112.178 cpu: -112.179
index: 10393002 gpu: -173.462 cpu: -173.461
index: 12475952 gpu: -337.859 cpu: -337.857
index: 12713781 gpu: 248.102 cpu: 248.103
index: 12899637 gpu: -265.593 cpu: -265.594
index: 14569566 gpu: -279.821 cpu: -279.822
index: 15334303 gpu: 271.315 cpu: 271.314
index: 16288550 gpu: 334.703 cpu: 334.704
index: 18513889 gpu: -154.137 cpu: -154.136
no transpose start
I0903 21:07:10.223681 11007 sass_function.cu:64] Load kernel: sgemm_nn_128x128_vec
I0903 21:07:10.223731 11007 sass_function.cu:65] Load kernel time: 2.048e-06
I0903 21:07:10.335068 11007 sass_function.cu:88] Compute time: 0.111089
GPU running time: 0.111903
CPU running time: 0.488469
index: 541308 gpu: 180.778 cpu: 180.779
index: 1161006 gpu: 158.858 cpu: 158.859
index: 3255047 gpu: 227.855 cpu: 227.856
index: 3687319 gpu: -178.381 cpu: -178.382
index: 4181275 gpu: 244.881 cpu: 244.88
index: 6063498 gpu: -310.949 cpu: -310.95
index: 8306876 gpu: -337.83 cpu: -337.828
index: 8607543 gpu: -134.04 cpu: -134.041
index: 9130131 gpu: 177.154 cpu: 177.155
index: 9255745 gpu: 153.546 cpu: 153.547
index: 10303546 gpu: 212.87 cpu: 212.869
index: 10508680 gpu: -267.837 cpu: -267.838
index: 10627414 gpu: -228.704 cpu: -228.703
index: 10955846 gpu: -239.691 cpu: -239.692
index: 11963436 gpu: -165.232 cpu: -165.231
index: 13475343 gpu: 257.419 cpu: 257.418
index: 16556406 gpu: 128.688 cpu: 128.687
index: 16993848 gpu: 265.448 cpu: 265.449
index: 17295494 gpu: 273.058 cpu: 273.057
index: 17463891 gpu: 281.693 cpu: 281.692
index: 20196870 gpu: 274.319 cpu: 274.318
index: 20222677 gpu: -147.402 cpu: -147.403
index: 20776953 gpu: 229.154 cpu: 229.153
index: 21956093 gpu: 320.796 cpu: 320.797
index: 21980738 gpu: 276.914 cpu: 276.915
index: 23245560 gpu: 174.879 cpu: 174.88
no transpose start
I0903 21:07:11.177356 11007 sass_function.cu:64] Load kernel: sgemm_nn_128x128_vec
I0903 21:07:11.177403 11007 sass_function.cu:65] Load kernel time: 2.144e-06
I0903 21:07:11.303793 11007 sass_function.cu:88] Compute time: 0.126115
GPU running time: 0.126961
CPU running time: 0.444703
index: 580293 gpu: 157.603 cpu: 157.604
index: 1236248 gpu: 288.983 cpu: 288.984
index: 1624401 gpu: -188.226 cpu: -188.224
index: 2008502 gpu: 287.681 cpu: 287.68
index: 2546738 gpu: 274.968 cpu: 274.969
index: 2848897 gpu: -276.021 cpu: -276.022
index: 3721849 gpu: 114.128 cpu: 114.129
index: 5535468 gpu: 276.452 cpu: 276.453
index: 5856487 gpu: -227.248 cpu: -227.249
index: 6429456 gpu: -270.135 cpu: -270.134
index: 8887233 gpu: -199.977 cpu: -199.978
index: 9024292 gpu: 301.946 cpu: 301.945
index: 9934377 gpu: -201.814 cpu: -201.813
index: 10111071 gpu: 183.964 cpu: 183.963
index: 12194842 gpu: -313.633 cpu: -313.632
index: 12589912 gpu: -112.399 cpu: -112.4
index: 13175496 gpu: -260.607 cpu: -260.606
index: 13224537 gpu: -357.005 cpu: -357.007
index: 14306650 gpu: -232.36 cpu: -232.359
index: 14454803 gpu: -293.672 cpu: -293.673
index: 14467100 gpu: 274.84 cpu: 274.842
index: 15762569 gpu: -147.025 cpu: -147.024
index: 15910713 gpu: 306.717 cpu: 306.718
index: 15958247 gpu: -193.163 cpu: -193.162
index: 16804926 gpu: -393.149 cpu: -393.148
index: 18691581 gpu: -304.142 cpu: -304.143
index: 19985168 gpu: -272.155 cpu: -272.153
index: 22304204 gpu: 243.861 cpu: 243.862
index: 22458694 gpu: -292.789 cpu: -292.788
index: 22622771 gpu: -318.695 cpu: -318.697
index: 22691004 gpu: -214.295 cpu: -214.293
index: 23046880 gpu: -250.491 cpu: -250.49
index: 23897368 gpu: -227.706 cpu: -227.705
no transpose start
I0903 21:07:12.119155 11007 sass_function.cu:64] Load kernel: sgemm_nn_128x128_vec
I0903 21:07:12.119190 11007 sass_function.cu:65] Load kernel time: 2.176e-06
I0903 21:07:12.252269 11007 sass_function.cu:88] Compute time: 0.132801
GPU running time: 0.133632
CPU running time: 0.485948
index: 714146 gpu: -296.852 cpu: -296.851
index: 2603513 gpu: 294.929 cpu: 294.928
index: 3241303 gpu: 124.655 cpu: 124.656
index: 3857681 gpu: 269.053 cpu: 269.052
index: 4007310 gpu: -275.223 cpu: -275.224
index: 4007660 gpu: -239.388 cpu: -239.389
index: 4302907 gpu: -330.976 cpu: -330.977
index: 4495883 gpu: 128.876 cpu: 128.877
index: 4937152 gpu: 168.526 cpu: 168.525
index: 5571597 gpu: -139.85 cpu: -139.851
index: 5797436 gpu: 292.71 cpu: 292.708
index: 6093304 gpu: 355.323 cpu: 355.324
index: 7136531 gpu: 214.423 cpu: 214.422
index: 7151213 gpu: -167.907 cpu: -167.906
index: 7174079 gpu: 285.622 cpu: 285.623
index: 7555565 gpu: 199.144 cpu: 199.145
index: 8107957 gpu: -294.973 cpu: -294.972
index: 10999787 gpu: 248.012 cpu: 248.011
index: 11281409 gpu: -157.326 cpu: -157.325
index: 12083201 gpu: 160.934 cpu: 160.933
index: 13203687 gpu: 169.807 cpu: 169.808
index: 13415365 gpu: -324.674 cpu: -324.675
index: 13428727 gpu: -161.608 cpu: -161.609
index: 13485050 gpu: -143.628 cpu: -143.629
index: 13579426 gpu: -184.561 cpu: -184.562
index: 14115522 gpu: -276.723 cpu: -276.722
index: 14301756 gpu: 174.714 cpu: 174.713
index: 15347659 gpu: -172.267 cpu: -172.268
index: 15365797 gpu: -197.406 cpu: -197.407
index: 16234413 gpu: -135.019 cpu: -135.02
index: 17090882 gpu: 143.93 cpu: 143.929
index: 17142795 gpu: -274.449 cpu: -274.448
index: 17761326 gpu: 257.342 cpu: 257.341
index: 17981428 gpu: 239.354 cpu: 239.353
index: 20132202 gpu: 216.868 cpu: 216.867
index: 20577541 gpu: 184.918 cpu: 184.919
index: 21117420 gpu: 144.454 cpu: 144.453
index: 21199214 gpu: 277.684 cpu: 277.682
index: 21775921 gpu: 144.806 cpu: 144.805
index: 22313371 gpu: -117.891 cpu: -117.892
index: 23170945 gpu: 162.38 cpu: 162.379
index: 23441167 gpu: -309.414 cpu: -309.413
index: 23697299 gpu: -334.466 cpu: -334.467
index: 24171783 gpu: -100.374 cpu: -100.373
index: 24410059 gpu: -248.502 cpu: -248.501
index: 25589801 gpu: -259.822 cpu: -259.824
end
