start
no transpose start
WARNING: Logging before InitGoogleLogging() is written to STDERR
I0909 11:08:29.321198  8516 sass_function.cu:64] Load kernel: sgemm_nn_128x128_vec
I0909 11:08:29.321357  8516 sass_function.cu:65] Load kernel time: 0.000749024
I0909 11:08:29.321524  8516 sass_function.cu:88] Compute time: 7.6608e-05
GPU running time: 0.00123923
CPU running time: 0.00561379
no transpose start
I0909 11:08:29.350833  8516 sass_function.cu:64] Load kernel: sgemm_nn_128x128_vec
I0909 11:08:29.350857  8516 sass_function.cu:65] Load kernel time: 2.368e-06
I0909 11:08:29.351032  8516 sass_function.cu:88] Compute time: 8.352e-05
GPU running time: 0.000428285
CPU running time: 0.00149892
no transpose start
I0909 11:08:29.377166  8516 sass_function.cu:64] Load kernel: sgemm_nn_128x128_vec
I0909 11:08:29.377187  8516 sass_function.cu:65] Load kernel time: 2.368e-06
I0909 11:08:29.377387  8516 sass_function.cu:88] Compute time: 0.000105376
GPU running time: 0.000274559
CPU running time: 0.00152351
no transpose start
I0909 11:08:29.405642  8516 sass_function.cu:64] Load kernel: sgemm_nn_128x128_vec
I0909 11:08:29.405663  8516 sass_function.cu:65] Load kernel time: 3.456e-06
I0909 11:08:29.405966  8516 sass_function.cu:88] Compute time: 0.000203296
GPU running time: 0.000376906
CPU running time: 0.00160234
no transpose start
I0909 11:08:29.437422  8516 sass_function.cu:64] Load kernel: sgemm_nn_128x128_vec
I0909 11:08:29.437440  8516 sass_function.cu:65] Load kernel time: 3.456e-06
I0909 11:08:29.437778  8516 sass_function.cu:88] Compute time: 0.000245856
GPU running time: 0.000411073
CPU running time: 0.00235259
no transpose start
I0909 11:08:29.473013  8516 sass_function.cu:64] Load kernel: sgemm_nn_128x128_vec
I0909 11:08:29.473036  8516 sass_function.cu:65] Load kernel time: 2.144e-06
I0909 11:08:29.473561  8516 sass_function.cu:88] Compute time: 0.000432288
GPU running time: 0.000603247
CPU running time: 0.00316961
no transpose start
I0909 11:08:29.512094  8516 sass_function.cu:64] Load kernel: sgemm_nn_128x128_vec
I0909 11:08:29.512116  8516 sass_function.cu:65] Load kernel time: 2.464e-06
I0909 11:08:29.512833  8516 sass_function.cu:88] Compute time: 0.000622016
GPU running time: 0.000797681
CPU running time: 0.00409991
no transpose start
I0909 11:08:29.555124  8516 sass_function.cu:64] Load kernel: sgemm_nn_128x128_vec
I0909 11:08:29.555148  8516 sass_function.cu:65] Load kernel time: 4.288e-06
I0909 11:08:29.556264  8516 sass_function.cu:88] Compute time: 0.00101994
GPU running time: 0.001202
CPU running time: 0.00568021
no transpose start
I0909 11:08:29.603731  8516 sass_function.cu:64] Load kernel: sgemm_nn_128x128_vec
I0909 11:08:29.603766  8516 sass_function.cu:65] Load kernel time: 5.504e-06
I0909 11:08:29.605226  8516 sass_function.cu:88] Compute time: 0.00136531
GPU running time: 0.00173729
CPU running time: 0.00721085
no transpose start
I0909 11:08:29.657955  8516 sass_function.cu:64] Load kernel: sgemm_nn_128x128_vec
I0909 11:08:29.657994  8516 sass_function.cu:65] Load kernel time: 5.984e-06
I0909 11:08:29.659762  8516 sass_function.cu:88] Compute time: 0.00170237
GPU running time: 0.00191352
CPU running time: 0.0090857
no transpose start
I0909 11:08:29.718642  8516 sass_function.cu:64] Load kernel: sgemm_nn_128x128_vec
I0909 11:08:29.718680  8516 sass_function.cu:65] Load kernel time: 6.272e-06
I0909 11:08:29.721066  8516 sass_function.cu:88] Compute time: 0.00231571
GPU running time: 0.00263253
CPU running time: 0.011724
no transpose start
I0909 11:08:29.786648  8516 sass_function.cu:64] Load kernel: sgemm_nn_128x128_vec
I0909 11:08:29.786689  8516 sass_function.cu:65] Load kernel time: 5.888e-06
I0909 11:08:29.789852  8516 sass_function.cu:88] Compute time: 0.00300704
GPU running time: 0.00333134
CPU running time: 0.0148411
no transpose start
I0909 11:08:29.864045  8516 sass_function.cu:64] Load kernel: sgemm_nn_128x128_vec
I0909 11:08:29.864094  8516 sass_function.cu:65] Load kernel time: 0.000158624
I0909 11:08:29.867982  8516 sass_function.cu:88] Compute time: 0.00380621
GPU running time: 0.00419208
CPU running time: 0.0323382
no transpose start
I0909 11:08:29.965453  8516 sass_function.cu:64] Load kernel: sgemm_nn_128x128_vec
I0909 11:08:29.965497  8516 sass_function.cu:65] Load kernel time: 5.632e-06
I0909 11:08:29.970319  8516 sass_function.cu:88] Compute time: 0.00471757
GPU running time: 0.00493817
CPU running time: 0.0227781
no transpose start
I0909 11:08:30.063138  8516 sass_function.cu:64] Load kernel: sgemm_nn_128x128_vec
I0909 11:08:30.063185  8516 sass_function.cu:65] Load kernel time: 5.792e-06
I0909 11:08:30.068996  8516 sass_function.cu:88] Compute time: 0.00570566
GPU running time: 0.00610206
CPU running time: 0.027785
no transpose start
I0909 11:08:30.172840  8516 sass_function.cu:64] Load kernel: sgemm_nn_128x128_vec
I0909 11:08:30.172885  8516 sass_function.cu:65] Load kernel time: 5.888e-06
I0909 11:08:30.179585  8516 sass_function.cu:88] Compute time: 0.00659312
GPU running time: 0.00699369
CPU running time: 0.0345878
no transpose start
I0909 11:08:30.296874  8516 sass_function.cu:64] Load kernel: sgemm_nn_128x128_vec
I0909 11:08:30.296919  8516 sass_function.cu:65] Load kernel time: 5.6e-06
I0909 11:08:30.305232  8516 sass_function.cu:88] Compute time: 0.00820726
GPU running time: 0.00859867
CPU running time: 0.730486
no transpose start
I0909 11:08:31.125674  8516 sass_function.cu:64] Load kernel: sgemm_nn_128x128_vec
I0909 11:08:31.125722  8516 sass_function.cu:65] Load kernel time: 6.464e-06
I0909 11:08:31.135814  8516 sass_function.cu:88] Compute time: 0.00998426
GPU running time: 0.0102156
CPU running time: 0.0479069
no transpose start
I0909 11:08:31.282181  8516 sass_function.cu:64] Load kernel: sgemm_nn_128x128_vec
I0909 11:08:31.282227  8516 sass_function.cu:65] Load kernel time: 2.016e-06
I0909 11:08:31.293476  8516 sass_function.cu:88] Compute time: 0.0110201
GPU running time: 0.0117686
CPU running time: 0.0558416
no transpose start
I0909 11:08:31.455732  8516 sass_function.cu:64] Load kernel: sgemm_nn_128x128_vec
I0909 11:08:31.455780  8516 sass_function.cu:65] Load kernel time: 2.016e-06
I0909 11:08:31.469162  8516 sass_function.cu:88] Compute time: 0.0131798
GPU running time: 0.0138778
CPU running time: 0.0645573
no transpose start
I0909 11:08:31.648527  8516 sass_function.cu:64] Load kernel: sgemm_nn_128x128_vec
I0909 11:08:31.648572  8516 sass_function.cu:65] Load kernel time: 2.016e-06
I0909 11:08:31.663947  8516 sass_function.cu:88] Compute time: 0.015141
GPU running time: 0.0158975
CPU running time: 0.0741612
no transpose start
I0909 11:08:31.861510  8516 sass_function.cu:64] Load kernel: sgemm_nn_128x128_vec
I0909 11:08:31.861554  8516 sass_function.cu:65] Load kernel time: 2.016e-06
I0909 11:08:31.879072  8516 sass_function.cu:88] Compute time: 0.0173116
GPU running time: 0.0180303
CPU running time: 0.0841445
no transpose start
I0909 11:08:32.096952  8516 sass_function.cu:64] Load kernel: sgemm_nn_128x128_vec
I0909 11:08:32.096999  8516 sass_function.cu:65] Load kernel time: 2.016e-06
I0909 11:08:32.116863  8516 sass_function.cu:88] Compute time: 0.0196048
GPU running time: 0.0206172
CPU running time: 0.0961652
no transpose start
I0909 11:08:32.356024  8516 sass_function.cu:64] Load kernel: sgemm_nn_128x128_vec
I0909 11:08:32.356066  8516 sass_function.cu:65] Load kernel time: 2.016e-06
I0909 11:08:32.378826  8516 sass_function.cu:88] Compute time: 0.0225176
GPU running time: 0.0233728
CPU running time: 0.110595
no transpose start
I0909 11:08:32.643214  8516 sass_function.cu:64] Load kernel: sgemm_nn_128x128_vec
I0909 11:08:32.643262  8516 sass_function.cu:65] Load kernel time: 2.272e-06
I0909 11:08:32.669611  8516 sass_function.cu:88] Compute time: 0.0260756
GPU running time: 0.0270171
CPU running time: 0.122562
no transpose start
I0909 11:08:32.956892  8516 sass_function.cu:64] Load kernel: sgemm_nn_128x128_vec
I0909 11:08:32.956928  8516 sass_function.cu:65] Load kernel time: 2.176e-06
I0909 11:08:32.985430  8516 sass_function.cu:88] Compute time: 0.0282227
GPU running time: 0.0290613
CPU running time: 0.137067
no transpose start
I0909 11:08:33.299073  8516 sass_function.cu:64] Load kernel: sgemm_nn_128x128_vec
I0909 11:08:33.299136  8516 sass_function.cu:65] Load kernel time: 2.144e-06
I0909 11:08:33.331579  8516 sass_function.cu:88] Compute time: 0.0321685
GPU running time: 0.0330341
CPU running time: 0.153437
no transpose start
I0909 11:08:33.674039  8516 sass_function.cu:64] Load kernel: sgemm_nn_128x128_vec
I0909 11:08:33.674088  8516 sass_function.cu:65] Load kernel time: 2.176e-06
I0909 11:08:33.710265  8516 sass_function.cu:88] Compute time: 0.0358964
GPU running time: 0.0369957
CPU running time: 0.170334
no transpose start
I0909 11:08:34.082031  8516 sass_function.cu:64] Load kernel: sgemm_nn_128x128_vec
I0909 11:08:34.082080  8516 sass_function.cu:65] Load kernel time: 2.176e-06
I0909 11:08:34.121894  8516 sass_function.cu:88] Compute time: 0.0395397
GPU running time: 0.040388
CPU running time: 0.188409
no transpose start
I0909 11:08:34.524909  8516 sass_function.cu:64] Load kernel: sgemm_nn_128x128_vec
I0909 11:08:34.524942  8516 sass_function.cu:65] Load kernel time: 2.272e-06
I0909 11:08:34.570222  8516 sass_function.cu:88] Compute time: 0.0450308
GPU running time: 0.0458832
CPU running time: 0.207232
no transpose start
I0909 11:08:35.004568  8516 sass_function.cu:64] Load kernel: sgemm_nn_128x128_vec
I0909 11:08:35.004616  8516 sass_function.cu:65] Load kernel time: 2.176e-06
I0909 11:08:35.052680  8516 sass_function.cu:88] Compute time: 0.0477547
GPU running time: 0.0486432
CPU running time: 0.228625
no transpose start
I0909 11:08:35.521677  8516 sass_function.cu:64] Load kernel: sgemm_nn_128x128_vec
I0909 11:08:35.521720  8516 sass_function.cu:65] Load kernel time: 2.144e-06
I0909 11:08:35.572073  8516 sass_function.cu:88] Compute time: 0.0500677
GPU running time: 0.0509204
CPU running time: 0.247617
no transpose start
I0909 11:08:36.074578  8516 sass_function.cu:64] Load kernel: sgemm_nn_128x128_vec
I0909 11:08:36.074625  8516 sass_function.cu:65] Load kernel time: 2.144e-06
I0909 11:08:36.140298  8516 sass_function.cu:88] Compute time: 0.0653952
GPU running time: 0.0662573
CPU running time: 0.274122
index: 7733002 gpu: -245.82 cpu: -245.821
index: 16601980 gpu: -271.023 cpu: -271.024
index: 17265744 gpu: 279.291 cpu: 279.292
no transpose start
I0909 11:08:36.685398  8516 sass_function.cu:64] Load kernel: sgemm_nn_128x128_vec
I0909 11:08:36.685446  8516 sass_function.cu:65] Load kernel time: 2.272e-06
I0909 11:08:36.749238  8516 sass_function.cu:88] Compute time: 0.0635188
GPU running time: 0.0644685
CPU running time: 0.298659
index: 6680542 gpu: -148.647 cpu: -148.646
index: 9628404 gpu: -309.416 cpu: -309.415
no transpose start
I0909 11:08:37.333273  8516 sass_function.cu:64] Load kernel: sgemm_nn_128x128_vec
I0909 11:08:37.333323  8516 sass_function.cu:65] Load kernel time: 2.176e-06
I0909 11:08:37.403494  8516 sass_function.cu:88] Compute time: 0.0698567
GPU running time: 0.0707425
CPU running time: 0.470671
index: 3035568 gpu: -151.25 cpu: -151.251
index: 9592262 gpu: -168.383 cpu: -168.382
index: 11607916 gpu: -201.107 cpu: -201.106
index: 13942365 gpu: 210.344 cpu: 210.343
index: 15590304 gpu: -160.535 cpu: -160.534
index: 16331082 gpu: -232.564 cpu: -232.563
no transpose start
I0909 11:08:38.173118  8516 sass_function.cu:64] Load kernel: sgemm_nn_128x128_vec
I0909 11:08:38.173167  8516 sass_function.cu:65] Load kernel time: 2.176e-06
I0909 11:08:38.251529  8516 sass_function.cu:88] Compute time: 0.0780878
GPU running time: 0.0789341
CPU running time: 0.681687
index: 8202074 gpu: 112.537 cpu: 112.538
index: 9461751 gpu: 284.129 cpu: 284.13
index: 10569299 gpu: 225.698 cpu: 225.699
no transpose start
I0909 11:08:39.248610  8516 sass_function.cu:64] Load kernel: sgemm_nn_128x128_vec
I0909 11:08:39.248658  8516 sass_function.cu:65] Load kernel time: 2.144e-06
I0909 11:08:39.331044  8516 sass_function.cu:88] Compute time: 0.0821116
GPU running time: 0.0829532
CPU running time: 0.740541
index: 1572307 gpu: 162.988 cpu: 162.989
index: 2993006 gpu: -181.108 cpu: -181.109
index: 4318584 gpu: 144.824 cpu: 144.825
index: 6171699 gpu: 178.93 cpu: 178.928
index: 6770140 gpu: 306.105 cpu: 306.106
index: 8238590 gpu: 110.393 cpu: 110.394
index: 8284252 gpu: 210.519 cpu: 210.518
index: 11481802 gpu: -162.159 cpu: -162.158
index: 12537481 gpu: 142.837 cpu: 142.836
index: 12699483 gpu: 122.662 cpu: 122.661
index: 13028274 gpu: 311.565 cpu: 311.564
index: 15566932 gpu: -327.867 cpu: -327.865
index: 21600029 gpu: -260.408 cpu: -260.406
index: 21687538 gpu: -265.707 cpu: -265.705
no transpose start
I0909 11:08:40.403579  8516 sass_function.cu:64] Load kernel: sgemm_nn_128x128_vec
I0909 11:08:40.403627  8516 sass_function.cu:65] Load kernel time: 2.144e-06
I0909 11:08:40.493566  8516 sass_function.cu:88] Compute time: 0.0896709
GPU running time: 0.0905194
CPU running time: 0.472325
index: 1109227 gpu: 257.663 cpu: 257.665
index: 1810554 gpu: 262.046 cpu: 262.045
index: 3911244 gpu: -133.698 cpu: -133.697
index: 5022133 gpu: -251.302 cpu: -251.301
index: 5375285 gpu: 161.324 cpu: 161.325
index: 5896767 gpu: -141.647 cpu: -141.648
index: 6448226 gpu: -245.234 cpu: -245.235
index: 8097436 gpu: 263.024 cpu: 263.026
index: 9069261 gpu: 206.902 cpu: 206.9
index: 9179090 gpu: 329.156 cpu: 329.157
index: 9803549 gpu: -287.498 cpu: -287.499
index: 10215665 gpu: 220.196 cpu: 220.197
index: 11349571 gpu: 192.582 cpu: 192.583
index: 18189413 gpu: 219.024 cpu: 219.023
index: 18667242 gpu: 161.275 cpu: 161.276
index: 19792070 gpu: -233.17 cpu: -233.171
index: 20612604 gpu: 190.254 cpu: 190.253
index: 21494616 gpu: -160.905 cpu: -160.906
index: 21946051 gpu: 304.218 cpu: 304.219
index: 22086074 gpu: -312.534 cpu: -312.535
no transpose start
I0909 11:08:41.317647  8516 sass_function.cu:64] Load kernel: sgemm_nn_128x128_vec
I0909 11:08:41.317682  8516 sass_function.cu:65] Load kernel time: 2.176e-06
I0909 11:08:41.415570  8516 sass_function.cu:88] Compute time: 0.0976078
GPU running time: 0.0986724
CPU running time: 0.442351
index: 775353 gpu: 277.5 cpu: 277.499
index: 2438479 gpu: 259.077 cpu: 259.076
index: 2534726 gpu: 317.609 cpu: 317.611
index: 2563368 gpu: -150.498 cpu: -150.499
index: 4573328 gpu: 167.435 cpu: 167.434
index: 6182495 gpu: 244.026 cpu: 244.028
index: 6811943 gpu: 185.396 cpu: 185.397
index: 6844251 gpu: -292.373 cpu: -292.374
index: 8173704 gpu: 326.049 cpu: 326.05
index: 9220417 gpu: -250.211 cpu: -250.212
index: 9844445 gpu: 290.972 cpu: 290.971
index: 10136373 gpu: 165.944 cpu: 165.943
index: 10511820 gpu: 227.311 cpu: 227.31
index: 10864781 gpu: -210.238 cpu: -210.239
index: 11181131 gpu: 281.657 cpu: 281.656
index: 11330511 gpu: -174.598 cpu: -174.6
index: 12446221 gpu: -263.879 cpu: -263.878
index: 15392469 gpu: -311.243 cpu: -311.244
index: 16155012 gpu: 170.229 cpu: 170.23
index: 16402660 gpu: -278.077 cpu: -278.076
index: 21168560 gpu: 320.498 cpu: 320.499
index: 22487285 gpu: 306.038 cpu: 306.037
index: 23964712 gpu: -154.903 cpu: -154.902
index: 23978165 gpu: 247.539 cpu: 247.538
index: 24340689 gpu: -138.481 cpu: -138.48
no transpose start
I0909 11:08:42.225842  8516 sass_function.cu:64] Load kernel: sgemm_nn_128x128_vec
I0909 11:08:42.225886  8516 sass_function.cu:65] Load kernel time: 2.176e-06
I0909 11:08:42.332891  8516 sass_function.cu:88] Compute time: 0.106729
GPU running time: 0.107566
CPU running time: 0.709364
index: 368215 gpu: -191.396 cpu: -191.397
index: 735189 gpu: 170.825 cpu: 170.826
index: 2230984 gpu: 310.252 cpu: 310.25
index: 2388528 gpu: 188.102 cpu: 188.101
index: 2541789 gpu: 306.869 cpu: 306.87
index: 2636704 gpu: 152.268 cpu: 152.269
index: 3091216 gpu: -282.431 cpu: -282.432
index: 3756179 gpu: -299.313 cpu: -299.314
index: 3761083 gpu: -231.082 cpu: -231.081
index: 4064406 gpu: 282.693 cpu: 282.694
index: 4086141 gpu: -274.752 cpu: -274.754
index: 4681214 gpu: 123.655 cpu: 123.654
index: 6271369 gpu: -105.957 cpu: -105.956
index: 6995035 gpu: 108.66 cpu: 108.661
index: 7156184 gpu: -90.8525 cpu: -90.8535
index: 8609723 gpu: 188.983 cpu: 188.984
index: 9132104 gpu: -254.153 cpu: -254.154
index: 9176508 gpu: -258.794 cpu: -258.793
index: 9348134 gpu: -325.786 cpu: -325.785
index: 10603661 gpu: 247.12 cpu: 247.121
index: 12381727 gpu: 163.521 cpu: 163.52
index: 12396808 gpu: 246.717 cpu: 246.718
index: 12549558 gpu: -270.628 cpu: -270.63
index: 13182411 gpu: -308.311 cpu: -308.312
index: 13574437 gpu: -245.78 cpu: -245.781
index: 14783434 gpu: -261.886 cpu: -261.887
index: 14944403 gpu: 270.18 cpu: 270.181
index: 15241370 gpu: 276.158 cpu: 276.159
index: 15954971 gpu: -272.137 cpu: -272.136
index: 17115317 gpu: -280.955 cpu: -280.956
index: 24224560 gpu: -265.372 cpu: -265.371
index: 24655955 gpu: -335.513 cpu: -335.512
index: 24918986 gpu: 225.429 cpu: 225.428
index: 24970363 gpu: 185.245 cpu: 185.244
index: 25055808 gpu: -294.148 cpu: -294.149
end
