start
left transpose start
WARNING: Logging before InitGoogleLogging() is written to STDERR
I0905 16:00:10.953743  3325 sass_function.cu:64] Load kernel: sgemm_tn_128x128_vec
I0905 16:00:10.953896  3325 sass_function.cu:65] Load kernel time: 0.000920128
I0905 16:00:10.954291  3325 sass_function.cu:88] Compute time: 4.4576e-05
GPU running time: 0.00170362
CPU running time: 0.005179
left transpose start
I0905 16:00:10.983395  3325 sass_function.cu:64] Load kernel: sgemm_tn_128x128_vec
I0905 16:00:10.983418  3325 sass_function.cu:65] Load kernel time: 2.048e-06
I0905 16:00:10.983593  3325 sass_function.cu:88] Compute time: 7.584e-05
GPU running time: 0.00039248
CPU running time: 0.001435
left transpose start
I0905 16:00:11.010496  3325 sass_function.cu:64] Load kernel: sgemm_tn_128x128_vec
I0905 16:00:11.010519  3325 sass_function.cu:65] Load kernel time: 2.144e-06
I0905 16:00:11.010787  3325 sass_function.cu:88] Compute time: 9.616e-05
GPU running time: 0.000481376
CPU running time: 0.001519
left transpose start
I0905 16:00:11.039865  3325 sass_function.cu:64] Load kernel: sgemm_tn_128x128_vec
I0905 16:00:11.039887  3325 sass_function.cu:65] Load kernel time: 2.016e-06
I0905 16:00:11.040251  3325 sass_function.cu:88] Compute time: 0.000208352
GPU running time: 0.000580544
CPU running time: 0.001977
left transpose start
I0905 16:00:11.072576  3325 sass_function.cu:64] Load kernel: sgemm_tn_128x128_vec
I0905 16:00:11.072597  3325 sass_function.cu:65] Load kernel time: 2.048e-06
I0905 16:00:11.073004  3325 sass_function.cu:88] Compute time: 0.00025216
GPU running time: 0.00061776
CPU running time: 0.002756
left transpose start
I0905 16:00:11.108564  3325 sass_function.cu:64] Load kernel: sgemm_tn_128x128_vec
I0905 16:00:11.108584  3325 sass_function.cu:65] Load kernel time: 3.232e-06
I0905 16:00:11.109098  3325 sass_function.cu:88] Compute time: 0.000416544
GPU running time: 0.000584896
CPU running time: 0.003583
left transpose start
I0905 16:00:11.147939  3325 sass_function.cu:64] Load kernel: sgemm_tn_128x128_vec
I0905 16:00:11.147970  3325 sass_function.cu:65] Load kernel time: 4.768e-06
I0905 16:00:11.148692  3325 sass_function.cu:88] Compute time: 0.000628032
GPU running time: 0.0009816
CPU running time: 0.004481
left transpose start
I0905 16:00:11.191016  3325 sass_function.cu:64] Load kernel: sgemm_tn_128x128_vec
I0905 16:00:11.191042  3325 sass_function.cu:65] Load kernel time: 2.336e-06
I0905 16:00:11.192009  3325 sass_function.cu:88] Compute time: 0.000874592
GPU running time: 0.00104646
CPU running time: 0.005972
left transpose start
I0905 16:00:11.239650  3325 sass_function.cu:64] Load kernel: sgemm_tn_128x128_vec
I0905 16:00:11.239682  3325 sass_function.cu:65] Load kernel time: 2.176e-06
I0905 16:00:11.241102  3325 sass_function.cu:88] Compute time: 0.0013577
GPU running time: 0.00165645
CPU running time: 0.00753
left transpose start
I0905 16:00:11.294266  3325 sass_function.cu:64] Load kernel: sgemm_tn_128x128_vec
I0905 16:00:11.294302  3325 sass_function.cu:65] Load kernel time: 2.048e-06
I0905 16:00:11.296155  3325 sass_function.cu:88] Compute time: 0.00172358
GPU running time: 0.00213085
CPU running time: 0.009219
left transpose start
I0905 16:00:11.355020  3325 sass_function.cu:64] Load kernel: sgemm_tn_128x128_vec
I0905 16:00:11.355058  3325 sass_function.cu:65] Load kernel time: 2.048e-06
I0905 16:00:11.357550  3325 sass_function.cu:88] Compute time: 0.00232534
GPU running time: 0.00275997
CPU running time: 0.011846
left transpose start
I0905 16:00:11.422855  3325 sass_function.cu:64] Load kernel: sgemm_tn_128x128_vec
I0905 16:00:11.422894  3325 sass_function.cu:65] Load kernel time: 2.08e-06
I0905 16:00:11.426050  3325 sass_function.cu:88] Compute time: 0.00301994
GPU running time: 0.00336406
CPU running time: 0.014689
left transpose start
I0905 16:00:11.499452  3325 sass_function.cu:64] Load kernel: sgemm_tn_128x128_vec
I0905 16:00:11.499492  3325 sass_function.cu:65] Load kernel time: 2.048e-06
I0905 16:00:11.503209  3325 sass_function.cu:88] Compute time: 0.00352278
GPU running time: 0.00394218
CPU running time: 0.018448
left transpose start
I0905 16:00:11.585942  3325 sass_function.cu:64] Load kernel: sgemm_tn_128x128_vec
I0905 16:00:11.585974  3325 sass_function.cu:65] Load kernel time: 2.048e-06
I0905 16:00:11.590773  3325 sass_function.cu:88] Compute time: 0.00466605
GPU running time: 0.00503939
CPU running time: 0.022428
left transpose start
I0905 16:00:11.682862  3325 sass_function.cu:64] Load kernel: sgemm_tn_128x128_vec
I0905 16:00:11.682901  3325 sass_function.cu:65] Load kernel time: 2.016e-06
I0905 16:00:11.688719  3325 sass_function.cu:88] Compute time: 0.00562339
GPU running time: 0.00604397
CPU running time: 0.027574
left transpose start
I0905 16:00:11.792346  3325 sass_function.cu:64] Load kernel: sgemm_tn_128x128_vec
I0905 16:00:11.792373  3325 sass_function.cu:65] Load kernel time: 2.048e-06
I0905 16:00:11.799192  3325 sass_function.cu:88] Compute time: 0.00662896
GPU running time: 0.00703587
CPU running time: 0.032986
left transpose start
I0905 16:00:11.915141  3325 sass_function.cu:64] Load kernel: sgemm_tn_128x128_vec
I0905 16:00:11.915179  3325 sass_function.cu:65] Load kernel time: 2.048e-06
I0905 16:00:11.923424  3325 sass_function.cu:88] Compute time: 0.00805155
GPU running time: 0.00850307
CPU running time: 0.111338
left transpose start
I0905 16:00:12.125324  3325 sass_function.cu:64] Load kernel: sgemm_tn_128x128_vec
I0905 16:00:12.125362  3325 sass_function.cu:65] Load kernel time: 2.048e-06
I0905 16:00:12.134790  3325 sass_function.cu:88] Compute time: 0.00924266
GPU running time: 0.00962016
CPU running time: 0.0457
left transpose start
I0905 16:00:12.277911  3325 sass_function.cu:64] Load kernel: sgemm_tn_128x128_vec
I0905 16:00:12.277951  3325 sass_function.cu:65] Load kernel time: 2.016e-06
I0905 16:00:12.289029  3325 sass_function.cu:88] Compute time: 0.0109033
GPU running time: 0.0113039
CPU running time: 0.053507
left transpose start
I0905 16:00:12.447999  3325 sass_function.cu:64] Load kernel: sgemm_tn_128x128_vec
I0905 16:00:12.448038  3325 sass_function.cu:65] Load kernel time: 2.016e-06
I0905 16:00:12.460930  3325 sass_function.cu:88] Compute time: 0.0127149
GPU running time: 0.0131337
CPU running time: 0.062362
left transpose start
I0905 16:00:12.637435  3325 sass_function.cu:64] Load kernel: sgemm_tn_128x128_vec
I0905 16:00:12.637478  3325 sass_function.cu:65] Load kernel time: 2.048e-06
I0905 16:00:12.652341  3325 sass_function.cu:88] Compute time: 0.014655
GPU running time: 0.0151138
CPU running time: 0.071552
left transpose start
I0905 16:00:12.847018  3325 sass_function.cu:64] Load kernel: sgemm_tn_128x128_vec
I0905 16:00:12.847064  3325 sass_function.cu:65] Load kernel time: 2.048e-06
I0905 16:00:12.864312  3325 sass_function.cu:88] Compute time: 0.0170828
GPU running time: 0.0175287
CPU running time: 0.081248
left transpose start
I0905 16:00:13.077839  3325 sass_function.cu:64] Load kernel: sgemm_tn_128x128_vec
I0905 16:00:13.077882  3325 sass_function.cu:65] Load kernel time: 2.048e-06
I0905 16:00:13.097348  3325 sass_function.cu:88] Compute time: 0.0191947
GPU running time: 0.0196905
CPU running time: 0.09388
left transpose start
I0905 16:00:13.333747  3325 sass_function.cu:64] Load kernel: sgemm_tn_128x128_vec
I0905 16:00:13.333791  3325 sass_function.cu:65] Load kernel time: 2.016e-06
I0905 16:00:13.356017  3325 sass_function.cu:88] Compute time: 0.0219519
GPU running time: 0.0224662
CPU running time: 0.107493
left transpose start
I0905 16:00:13.616858  3325 sass_function.cu:64] Load kernel: sgemm_tn_128x128_vec
I0905 16:00:13.616890  3325 sass_function.cu:65] Load kernel time: 2.208e-06
I0905 16:00:13.642063  3325 sass_function.cu:88] Compute time: 0.0248952
GPU running time: 0.0254715
CPU running time: 0.120232
left transpose start
I0905 16:00:13.926733  3325 sass_function.cu:64] Load kernel: sgemm_tn_128x128_vec
I0905 16:00:13.926780  3325 sass_function.cu:65] Load kernel time: 2.208e-06
I0905 16:00:13.954566  3325 sass_function.cu:88] Compute time: 0.0275116
GPU running time: 0.0281063
CPU running time: 0.133934
left transpose start
I0905 16:00:14.264499  3325 sass_function.cu:64] Load kernel: sgemm_tn_128x128_vec
I0905 16:00:14.264561  3325 sass_function.cu:65] Load kernel time: 2.208e-06
I0905 16:00:14.296192  3325 sass_function.cu:88] Compute time: 0.0313441
GPU running time: 0.031959
CPU running time: 0.15067
left transpose start
I0905 16:00:14.634539  3325 sass_function.cu:64] Load kernel: sgemm_tn_128x128_vec
I0905 16:00:14.634585  3325 sass_function.cu:65] Load kernel time: 2.208e-06
I0905 16:00:14.669486  3325 sass_function.cu:88] Compute time: 0.0346087
GPU running time: 0.0352299
CPU running time: 0.167362
left transpose start
I0905 16:00:15.037441  3325 sass_function.cu:64] Load kernel: sgemm_tn_128x128_vec
I0905 16:00:15.037487  3325 sass_function.cu:65] Load kernel time: 2.208e-06
I0905 16:00:15.075881  3325 sass_function.cu:88] Compute time: 0.0380976
GPU running time: 0.0386987
CPU running time: 0.185139
index: 3848186 gpu: 150.58 cpu: 150.579
left transpose start
I0905 16:00:15.474885  3325 sass_function.cu:64] Load kernel: sgemm_tn_128x128_vec
I0905 16:00:15.474932  3325 sass_function.cu:65] Load kernel time: 2.208e-06
I0905 16:00:15.517666  3325 sass_function.cu:88] Compute time: 0.0424598
GPU running time: 0.0430458
CPU running time: 0.203627
index: 3031866 gpu: -181.9 cpu: -181.899
left transpose start
I0905 16:00:15.948189  3325 sass_function.cu:64] Load kernel: sgemm_tn_128x128_vec
I0905 16:00:15.948235  3325 sass_function.cu:65] Load kernel time: 2.208e-06
I0905 16:00:15.994877  3325 sass_function.cu:88] Compute time: 0.0463372
GPU running time: 0.046953
CPU running time: 0.225263
left transpose start
I0905 16:00:16.460233  3325 sass_function.cu:64] Load kernel: sgemm_tn_128x128_vec
I0905 16:00:16.460280  3325 sass_function.cu:65] Load kernel time: 2.208e-06
I0905 16:00:16.511708  3325 sass_function.cu:88] Compute time: 0.0511452
GPU running time: 0.0517687
CPU running time: 0.24574
index: 11539576 gpu: 174.454 cpu: 174.453
left transpose start
I0905 16:00:17.012696  3325 sass_function.cu:64] Load kernel: sgemm_tn_128x128_vec
I0905 16:00:17.012730  3325 sass_function.cu:65] Load kernel time: 2.176e-06
I0905 16:00:17.069146  3325 sass_function.cu:88] Compute time: 0.0561401
GPU running time: 0.0567347
CPU running time: 0.271202
index: 3431228 gpu: -151.694 cpu: -151.693
index: 5685965 gpu: -194.054 cpu: -194.052
index: 11110087 gpu: 255.601 cpu: 255.6
index: 12992794 gpu: 284.226 cpu: 284.225
left transpose start
I0905 16:00:17.610131  3325 sass_function.cu:64] Load kernel: sgemm_tn_128x128_vec
I0905 16:00:17.610178  3325 sass_function.cu:65] Load kernel time: 2.208e-06
I0905 16:00:17.671535  3325 sass_function.cu:88] Compute time: 0.061091
GPU running time: 0.0616654
CPU running time: 0.294689
index: 2066532 gpu: -141.08 cpu: -141.079
index: 6998827 gpu: 272.73 cpu: 272.728
index: 7616276 gpu: 164.093 cpu: 164.094
index: 18383070 gpu: 264.4 cpu: 264.399
left transpose start
I0905 16:00:18.251060  3325 sass_function.cu:64] Load kernel: sgemm_tn_128x128_vec
I0905 16:00:18.251103  3325 sass_function.cu:65] Load kernel time: 2.208e-06
I0905 16:00:18.318565  3325 sass_function.cu:88] Compute time: 0.0671979
GPU running time: 0.0677645
CPU running time: 0.322114
index: 5336429 gpu: -154.414 cpu: -154.415
index: 10865315 gpu: 180.412 cpu: 180.411
index: 16849383 gpu: 293.351 cpu: 293.352
index: 18506382 gpu: 282.881 cpu: 282.88
left transpose start
I0905 16:00:18.941314  3325 sass_function.cu:64] Load kernel: sgemm_tn_128x128_vec
I0905 16:00:18.941347  3325 sass_function.cu:65] Load kernel time: 2.208e-06
I0905 16:00:19.014319  3325 sass_function.cu:88] Compute time: 0.0727056
GPU running time: 0.0732656
CPU running time: 0.34955
index: 1163645 gpu: -161.592 cpu: -161.593
index: 1390899 gpu: -103.491 cpu: -103.492
index: 2285137 gpu: -296.317 cpu: -296.316
index: 7387958 gpu: -198.041 cpu: -198.042
index: 7556213 gpu: 317.789 cpu: 317.79
index: 7721783 gpu: 236.845 cpu: 236.844
index: 10801884 gpu: -317.758 cpu: -317.757
index: 11023449 gpu: -258.829 cpu: -258.827
index: 15714135 gpu: 320.734 cpu: 320.733
index: 16727105 gpu: 248.66 cpu: 248.659
index: 19206933 gpu: -326.613 cpu: -326.614
index: 20364692 gpu: 291.411 cpu: 291.412
left transpose start
I0905 16:00:19.680896  3325 sass_function.cu:64] Load kernel: sgemm_tn_128x128_vec
I0905 16:00:19.680941  3325 sass_function.cu:65] Load kernel time: 2.208e-06
I0905 16:00:19.762253  3325 sass_function.cu:88] Compute time: 0.0810193
GPU running time: 0.081616
CPU running time: 0.390235
index: 3365677 gpu: 219.356 cpu: 219.355
index: 5414975 gpu: 176.4 cpu: 176.401
index: 11358232 gpu: -307.348 cpu: -307.349
index: 12803593 gpu: 309.257 cpu: 309.256
index: 14916156 gpu: -282.025 cpu: -282.027
index: 16740189 gpu: 235.25 cpu: 235.249
index: 18927898 gpu: 287.612 cpu: 287.614
index: 21222916 gpu: 263.969 cpu: 263.968
index: 21601554 gpu: 293.895 cpu: 293.896
left transpose start
I0905 16:00:20.487082  3325 sass_function.cu:64] Load kernel: sgemm_tn_128x128_vec
I0905 16:00:20.487125  3325 sass_function.cu:65] Load kernel time: 2.208e-06
I0905 16:00:20.573269  3325 sass_function.cu:88] Compute time: 0.0858785
GPU running time: 0.0864529
CPU running time: 0.408881
index: 229412 gpu: -298.939 cpu: -298.938
index: 1692540 gpu: 230.312 cpu: 230.311
index: 1880691 gpu: 243.059 cpu: 243.06
index: 2194708 gpu: -296.048 cpu: -296.049
index: 2838317 gpu: -46.8708 cpu: -46.8718
index: 6348771 gpu: -164.649 cpu: -164.648
index: 6599938 gpu: -288.965 cpu: -288.966
index: 7067304 gpu: -165.689 cpu: -165.688
index: 10366576 gpu: 212.312 cpu: 212.313
index: 10856096 gpu: -160.528 cpu: -160.529
index: 12327399 gpu: 322.979 cpu: 322.978
index: 16645016 gpu: -250.871 cpu: -250.872
index: 16652005 gpu: -271.041 cpu: -271.042
index: 17337747 gpu: 266.93 cpu: 266.931
index: 17649889 gpu: -277.206 cpu: -277.205
index: 18171965 gpu: -239.587 cpu: -239.588
index: 18874197 gpu: -264.767 cpu: -264.768
index: 20298417 gpu: -280.263 cpu: -280.264
index: 21929958 gpu: -118.914 cpu: -118.913
left transpose start
I0905 16:00:21.333031  3325 sass_function.cu:64] Load kernel: sgemm_tn_128x128_vec
I0905 16:00:21.333065  3325 sass_function.cu:65] Load kernel time: 2.208e-06
I0905 16:00:21.425324  3325 sass_function.cu:88] Compute time: 0.0919835
GPU running time: 0.0925867
CPU running time: 0.440568
index: 425792 gpu: 286.595 cpu: 286.594
index: 1889629 gpu: -199.411 cpu: -199.412
index: 2667378 gpu: -202.715 cpu: -202.714
index: 3170644 gpu: 285.713 cpu: 285.715
index: 3496955 gpu: -298.145 cpu: -298.146
index: 3977665 gpu: 258.744 cpu: 258.745
index: 4517695 gpu: 181.276 cpu: 181.275
index: 4685059 gpu: 186.848 cpu: 186.847
index: 4918175 gpu: -309.631 cpu: -309.633
index: 5878558 gpu: -309.068 cpu: -309.069
index: 6430489 gpu: 267.246 cpu: 267.245
index: 8777075 gpu: 189.964 cpu: 189.965
index: 9327494 gpu: -275.68 cpu: -275.678
index: 11936608 gpu: -267.832 cpu: -267.831
index: 11977117 gpu: 219.593 cpu: 219.594
index: 12658749 gpu: -261.529 cpu: -261.53
index: 14466201 gpu: -194.466 cpu: -194.465
index: 14649376 gpu: -263.819 cpu: -263.82
index: 15148209 gpu: -183.369 cpu: -183.37
index: 15493541 gpu: -306.668 cpu: -306.669
index: 15514690 gpu: -178.233 cpu: -178.234
index: 15704115 gpu: 280.051 cpu: 280.052
index: 15734979 gpu: -254.629 cpu: -254.628
index: 17037545 gpu: -147.94 cpu: -147.941
index: 19239324 gpu: -186.059 cpu: -186.058
index: 19448011 gpu: -297.201 cpu: -297.202
index: 20875589 gpu: -159.956 cpu: -159.955
index: 21881653 gpu: 354.162 cpu: 354.163
index: 23158242 gpu: 269.904 cpu: 269.905
index: 23162942 gpu: -192.031 cpu: -192.03
index: 23413796 gpu: 289.633 cpu: 289.632
index: 24068132 gpu: -328.465 cpu: -328.466
left transpose start
I0905 16:00:22.233450  3325 sass_function.cu:64] Load kernel: sgemm_tn_128x128_vec
I0905 16:00:22.233495  3325 sass_function.cu:65] Load kernel time: 2.208e-06
I0905 16:00:22.333717  3325 sass_function.cu:88] Compute time: 0.0999522
GPU running time: 0.10059
CPU running time: 0.649894
index: 156545 gpu: 229.961 cpu: 229.962
index: 441490 gpu: 277.199 cpu: 277.198
index: 660517 gpu: -169.288 cpu: -169.289
index: 881831 gpu: 171.865 cpu: 171.866
index: 1322853 gpu: 278.161 cpu: 278.162
index: 2484753 gpu: -293.524 cpu: -293.523
index: 3500254 gpu: 187.122 cpu: 187.121
index: 3932103 gpu: 278.173 cpu: 278.174
index: 3962301 gpu: 277.793 cpu: 277.794
index: 5317187 gpu: 275.993 cpu: 275.994
index: 6225549 gpu: 176.329 cpu: 176.328
index: 6257804 gpu: -193.687 cpu: -193.688
index: 6559398 gpu: -304.111 cpu: -304.11
index: 7014258 gpu: -235.712 cpu: -235.713
index: 7667936 gpu: -259.936 cpu: -259.937
index: 8156218 gpu: 280.183 cpu: 280.184
index: 8188507 gpu: -270.757 cpu: -270.756
index: 9802546 gpu: -103.356 cpu: -103.357
index: 10052321 gpu: -228.831 cpu: -228.832
index: 11344376 gpu: 97.6133 cpu: 97.6143
index: 12750719 gpu: -348.54 cpu: -348.539
index: 13042407 gpu: -203.554 cpu: -203.555
index: 13194316 gpu: -344.304 cpu: -344.305
index: 13270490 gpu: 144.238 cpu: 144.239
index: 13915076 gpu: 170.479 cpu: 170.478
index: 14529792 gpu: -158.722 cpu: -158.723
index: 14570810 gpu: 271.759 cpu: 271.761
index: 14938185 gpu: -156.551 cpu: -156.55
index: 15092404 gpu: -223.531 cpu: -223.532
index: 15102370 gpu: 324.4 cpu: 324.399
index: 15309267 gpu: 315.633 cpu: 315.632
index: 15425389 gpu: 164.245 cpu: 164.246
index: 16277161 gpu: 180.518 cpu: 180.517
index: 17108221 gpu: -312.556 cpu: -312.557
index: 17904096 gpu: -242.174 cpu: -242.175
index: 18008360 gpu: -324.155 cpu: -324.154
index: 18510677 gpu: -282.013 cpu: -282.014
index: 18932067 gpu: -290.36 cpu: -290.359
index: 20737068 gpu: 220.778 cpu: 220.779
index: 21330316 gpu: 140.062 cpu: 140.061
index: 22469144 gpu: -284.403 cpu: -284.404
index: 22750519 gpu: 281.621 cpu: 281.62
index: 22868733 gpu: -287.519 cpu: -287.518
index: 22971814 gpu: -271.683 cpu: -271.685
index: 23442768 gpu: 192.361 cpu: 192.362
index: 23485417 gpu: 314.035 cpu: 314.036
index: 24646882 gpu: 285.925 cpu: 285.924
index: 25356287 gpu: 267.045 cpu: 267.044
index: 25368172 gpu: -262.526 cpu: -262.527
index: 26070089 gpu: -171.529 cpu: -171.53
index: 26126704 gpu: 182.897 cpu: 182.898
end
