start
no transpose start
WARNING: Logging before InitGoogleLogging() is written to STDERR
I0821 12:58:14.831812 25731 sass_function.cu:61] Load kernel time: 0
I0821 12:58:14.832034 25731 sass_function.cu:84] Compute time: 0
GPU running time: 0.190672
CPU running time: 0.0124681
no transpose start
I0821 12:58:14.866437 25731 sass_function.cu:61] Load kernel time: 7.264e-06
I0821 12:58:14.868393 25731 sass_function.cu:84] Compute time: 0.00182371
GPU running time: 0.00211904
CPU running time: 0.00436932
no transpose start
I0821 12:58:14.884987 25731 sass_function.cu:61] Load kernel time: 5.152e-06
I0821 12:58:14.886939 25731 sass_function.cu:84] Compute time: 0.00183075
GPU running time: 0.00218062
CPU running time: 0.00435968
no transpose start
I0821 12:58:14.903403 25731 sass_function.cu:61] Load kernel time: 4.576e-06
I0821 12:58:14.905354 25731 sass_function.cu:84] Compute time: 0.00182704
GPU running time: 0.00210665
CPU running time: 0.00435378
no transpose start
I0821 12:58:14.921751 25731 sass_function.cu:61] Load kernel time: 4.384e-06
I0821 12:58:14.923702 25731 sass_function.cu:84] Compute time: 0.00182547
GPU running time: 0.00208888
CPU running time: 0.00436266
no transpose start
I0821 12:58:14.940132 25731 sass_function.cu:61] Load kernel time: 4.992e-06
I0821 12:58:14.942078 25731 sass_function.cu:84] Compute time: 0.00182266
GPU running time: 0.00208402
CPU running time: 0.00436178
no transpose start
I0821 12:58:14.958535 25731 sass_function.cu:61] Load kernel time: 4.48e-06
I0821 12:58:14.960474 25731 sass_function.cu:84] Compute time: 0.00183075
GPU running time: 0.00213018
CPU running time: 0.0043476
no transpose start
I0821 12:58:14.976826 25731 sass_function.cu:61] Load kernel time: 4.512e-06
I0821 12:58:14.978746 25731 sass_function.cu:84] Compute time: 0.00182986
GPU running time: 0.00203613
CPU running time: 0.00435655
no transpose start
I0821 12:58:14.995090 25731 sass_function.cu:61] Load kernel time: 4.608e-06
I0821 12:58:14.997002 25731 sass_function.cu:84] Compute time: 0.0018304
GPU running time: 0.00201158
CPU running time: 0.0057614
no transpose start
I0821 12:58:15.014767 25731 sass_function.cu:61] Load kernel time: 4.512e-06
I0821 12:58:15.016671 25731 sass_function.cu:84] Compute time: 0.00181978
GPU running time: 0.00200448
CPU running time: 0.00437216
end
