start
right transpose start
WARNING: Logging before InitGoogleLogging() is written to STDERR
I0909 01:19:43.256763 25681 sass_function.cu:64] Load kernel: sgemm_nt_128x128_vec
I0909 01:19:43.256920 25681 sass_function.cu:65] Load kernel time: 0.00121309
I0909 01:19:43.257321 25681 sass_function.cu:88] Compute time: 5.0816e-05
GPU running time: 0.00223107
CPU running time: 0.0053688
right transpose start
I0909 01:19:43.286823 25681 sass_function.cu:64] Load kernel: sgemm_nt_128x128_vec
I0909 01:19:43.286845 25681 sass_function.cu:65] Load kernel time: 2.048e-06
I0909 01:19:43.287092 25681 sass_function.cu:88] Compute time: 8.9472e-05
GPU running time: 0.000566466
CPU running time: 0.00141756
right transpose start
I0909 01:19:43.313268 25681 sass_function.cu:64] Load kernel: sgemm_nt_128x128_vec
I0909 01:19:43.313292 25681 sass_function.cu:65] Load kernel time: 2.112e-06
I0909 01:19:43.313575 25681 sass_function.cu:88] Compute time: 0.000118368
GPU running time: 0.00051402
CPU running time: 0.00152979
right transpose start
I0909 01:19:43.342645 25681 sass_function.cu:64] Load kernel: sgemm_nt_128x128_vec
I0909 01:19:43.342667 25681 sass_function.cu:65] Load kernel time: 2.016e-06
I0909 01:19:43.343035 25681 sass_function.cu:88] Compute time: 0.000209408
GPU running time: 0.000809669
CPU running time: 0.00197389
right transpose start
I0909 01:19:43.375600 25681 sass_function.cu:64] Load kernel: sgemm_nt_128x128_vec
I0909 01:19:43.375623 25681 sass_function.cu:65] Load kernel time: 2.016e-06
I0909 01:19:43.376037 25681 sass_function.cu:88] Compute time: 0.000250496
GPU running time: 0.00083908
CPU running time: 0.00286959
right transpose start
I0909 01:19:43.412425 25681 sass_function.cu:64] Load kernel: sgemm_nt_128x128_vec
I0909 01:19:43.412449 25681 sass_function.cu:65] Load kernel time: 2.016e-06
I0909 01:19:43.413126 25681 sass_function.cu:88] Compute time: 0.000482144
GPU running time: 0.00137511
CPU running time: 0.00372867
right transpose start
I0909 01:19:43.453121 25681 sass_function.cu:64] Load kernel: sgemm_nt_128x128_vec
I0909 01:19:43.453148 25681 sass_function.cu:65] Load kernel time: 2.048e-06
I0909 01:19:43.453949 25681 sass_function.cu:88] Compute time: 0.000641216
GPU running time: 0.001263
CPU running time: 0.00467204
right transpose start
I0909 01:19:43.497243 25681 sass_function.cu:64] Load kernel: sgemm_nt_128x128_vec
I0909 01:19:43.497272 25681 sass_function.cu:65] Load kernel time: 2.048e-06
I0909 01:19:43.498399 25681 sass_function.cu:88] Compute time: 0.000967424
GPU running time: 0.00157963
CPU running time: 0.00571902
right transpose start
I0909 01:19:43.546556 25681 sass_function.cu:64] Load kernel: sgemm_nt_128x128_vec
I0909 01:19:43.546589 25681 sass_function.cu:65] Load kernel time: 2.048e-06
I0909 01:19:43.548246 25681 sass_function.cu:88] Compute time: 0.00145459
GPU running time: 0.00211342
CPU running time: 0.00755408
right transpose start
I0909 01:19:43.601634 25681 sass_function.cu:64] Load kernel: sgemm_nt_128x128_vec
I0909 01:19:43.601670 25681 sass_function.cu:65] Load kernel time: 2.08e-06
I0909 01:19:43.603590 25681 sass_function.cu:88] Compute time: 0.00175152
GPU running time: 0.00235786
CPU running time: 0.00929488
right transpose start
I0909 01:19:43.663485 25681 sass_function.cu:64] Load kernel: sgemm_nt_128x128_vec
I0909 01:19:43.663522 25681 sass_function.cu:65] Load kernel time: 2.048e-06
I0909 01:19:43.666056 25681 sass_function.cu:88] Compute time: 0.00239587
GPU running time: 0.00299003
CPU running time: 0.0117624
right transpose start
I0909 01:19:43.732036 25681 sass_function.cu:64] Load kernel: sgemm_nt_128x128_vec
I0909 01:19:43.732074 25681 sass_function.cu:65] Load kernel time: 2.048e-06
I0909 01:19:43.735374 25681 sass_function.cu:88] Compute time: 0.00311158
GPU running time: 0.00389741
CPU running time: 0.014622
right transpose start
I0909 01:19:43.809442 25681 sass_function.cu:64] Load kernel: sgemm_nt_128x128_vec
I0909 01:19:43.809480 25681 sass_function.cu:65] Load kernel time: 2.048e-06
I0909 01:19:43.813457 25681 sass_function.cu:88] Compute time: 0.00380675
GPU running time: 0.00455649
CPU running time: 0.0182271
right transpose start
I0909 01:19:43.896453 25681 sass_function.cu:64] Load kernel: sgemm_nt_128x128_vec
I0909 01:19:43.896493 25681 sass_function.cu:65] Load kernel time: 2.048e-06
I0909 01:19:43.901525 25681 sass_function.cu:88] Compute time: 0.00485238
GPU running time: 0.00544893
CPU running time: 0.0224238
right transpose start
I0909 01:19:43.994454 25681 sass_function.cu:64] Load kernel: sgemm_nt_128x128_vec
I0909 01:19:43.994493 25681 sass_function.cu:65] Load kernel time: 2.08e-06
I0909 01:19:44.000416 25681 sass_function.cu:88] Compute time: 0.00578666
GPU running time: 0.00641501
CPU running time: 0.0275461
right transpose start
I0909 01:19:44.104459 25681 sass_function.cu:64] Load kernel: sgemm_nt_128x128_vec
I0909 01:19:44.104488 25681 sass_function.cu:65] Load kernel time: 2.08e-06
I0909 01:19:44.111456 25681 sass_function.cu:88] Compute time: 0.00678429
GPU running time: 0.00744045
CPU running time: 0.0340813
right transpose start
I0909 01:19:44.228107 25681 sass_function.cu:64] Load kernel: sgemm_nt_128x128_vec
I0909 01:19:44.228147 25681 sass_function.cu:65] Load kernel time: 2.08e-06
I0909 01:19:44.237159 25681 sass_function.cu:88] Compute time: 0.00884406
GPU running time: 0.00947914
CPU running time: 0.798035
right transpose start
I0909 01:19:45.126010 25681 sass_function.cu:64] Load kernel: sgemm_nt_128x128_vec
I0909 01:19:45.126055 25681 sass_function.cu:65] Load kernel time: 2.048e-06
I0909 01:19:45.136423 25681 sass_function.cu:88] Compute time: 0.010167
GPU running time: 0.010961
CPU running time: 0.0879888
right transpose start
I0909 01:19:45.322785 25681 sass_function.cu:64] Load kernel: sgemm_nt_128x128_vec
I0909 01:19:45.322830 25681 sass_function.cu:65] Load kernel time: 2.048e-06
I0909 01:19:45.334898 25681 sass_function.cu:88] Compute time: 0.0118474
GPU running time: 0.012562
CPU running time: 0.103614
right transpose start
I0909 01:19:45.544595 25681 sass_function.cu:64] Load kernel: sgemm_nt_128x128_vec
I0909 01:19:45.544641 25681 sass_function.cu:65] Load kernel time: 2.048e-06
I0909 01:19:45.559722 25681 sass_function.cu:88] Compute time: 0.0148882
GPU running time: 0.0155797
CPU running time: 0.119129
right transpose start
I0909 01:19:45.793731 25681 sass_function.cu:64] Load kernel: sgemm_nt_128x128_vec
I0909 01:19:45.793773 25681 sass_function.cu:65] Load kernel time: 2.016e-06
I0909 01:19:45.811249 25681 sass_function.cu:88] Compute time: 0.0172963
GPU running time: 0.0179415
CPU running time: 0.0934469
right transpose start
I0909 01:19:46.028051 25681 sass_function.cu:64] Load kernel: sgemm_nt_128x128_vec
I0909 01:19:46.028093 25681 sass_function.cu:65] Load kernel time: 2.016e-06
I0909 01:19:46.047448 25681 sass_function.cu:88] Compute time: 0.0191728
GPU running time: 0.0198523
CPU running time: 0.083865
right transpose start
I0909 01:19:46.264526 25681 sass_function.cu:64] Load kernel: sgemm_nt_128x128_vec
I0909 01:19:46.264569 25681 sass_function.cu:65] Load kernel time: 2.048e-06
I0909 01:19:46.286330 25681 sass_function.cu:88] Compute time: 0.0215051
GPU running time: 0.0222748
CPU running time: 0.0958537
right transpose start
I0909 01:19:46.524935 25681 sass_function.cu:64] Load kernel: sgemm_nt_128x128_vec
I0909 01:19:46.524986 25681 sass_function.cu:65] Load kernel time: 2.048e-06
I0909 01:19:46.550926 25681 sass_function.cu:88] Compute time: 0.025671
GPU running time: 0.0265682
CPU running time: 0.109459
right transpose start
I0909 01:19:46.813618 25681 sass_function.cu:64] Load kernel: sgemm_nt_128x128_vec
I0909 01:19:46.813654 25681 sass_function.cu:65] Load kernel time: 2.208e-06
I0909 01:19:46.842947 25681 sass_function.cu:88] Compute time: 0.0289983
GPU running time: 0.0299792
CPU running time: 0.12151
right transpose start
I0909 01:19:47.128995 25681 sass_function.cu:64] Load kernel: sgemm_nt_128x128_vec
I0909 01:19:47.129043 25681 sass_function.cu:65] Load kernel time: 2.272e-06
I0909 01:19:47.160516 25681 sass_function.cu:88] Compute time: 0.0311979
GPU running time: 0.0320138
CPU running time: 0.135384
right transpose start
I0909 01:19:47.472537 25681 sass_function.cu:64] Load kernel: sgemm_nt_128x128_vec
I0909 01:19:47.472585 25681 sass_function.cu:65] Load kernel time: 2.24e-06
I0909 01:19:47.508625 25681 sass_function.cu:88] Compute time: 0.0357662
GPU running time: 0.0366203
CPU running time: 0.151545
right transpose start
I0909 01:19:47.848640 25681 sass_function.cu:64] Load kernel: sgemm_nt_128x128_vec
I0909 01:19:47.848688 25681 sass_function.cu:65] Load kernel time: 2.208e-06
I0909 01:19:47.890063 25681 sass_function.cu:88] Compute time: 0.0410944
GPU running time: 0.0419605
CPU running time: 0.168439
right transpose start
I0909 01:19:48.259497 25681 sass_function.cu:64] Load kernel: sgemm_nt_128x128_vec
I0909 01:19:48.259546 25681 sass_function.cu:65] Load kernel time: 2.24e-06
I0909 01:19:48.304738 25681 sass_function.cu:88] Compute time: 0.044909
GPU running time: 0.0457925
CPU running time: 0.356841
right transpose start
I0909 01:19:48.873558 25681 sass_function.cu:64] Load kernel: sgemm_nt_128x128_vec
I0909 01:19:48.873605 25681 sass_function.cu:65] Load kernel time: 2.208e-06
I0909 01:19:48.926630 25681 sass_function.cu:88] Compute time: 0.0527325
GPU running time: 0.0536115
CPU running time: 0.391901
index: 11821512 gpu: -277.428 cpu: -277.429
right transpose start
I0909 01:19:49.543982 25681 sass_function.cu:64] Load kernel: sgemm_nt_128x128_vec
I0909 01:19:49.544031 25681 sass_function.cu:65] Load kernel time: 2.208e-06
I0909 01:19:49.601140 25681 sass_function.cu:88] Compute time: 0.0568334
GPU running time: 0.0576853
CPU running time: 0.395232
index: 4103433 gpu: -147.307 cpu: -147.308
right transpose start
I0909 01:19:50.235906 25681 sass_function.cu:64] Load kernel: sgemm_nt_128x128_vec
I0909 01:19:50.235962 25681 sass_function.cu:65] Load kernel time: 2.208e-06
I0909 01:19:50.289896 25681 sass_function.cu:88] Compute time: 0.0536523
GPU running time: 0.0546133
CPU running time: 0.428807
index: 7237537 gpu: -279.739 cpu: -279.738
index: 12199278 gpu: -273.153 cpu: -273.154
right transpose start
I0909 01:19:50.973492 25681 sass_function.cu:64] Load kernel: sgemm_nt_128x128_vec
I0909 01:19:50.973541 25681 sass_function.cu:65] Load kernel time: 2.176e-06
I0909 01:19:51.051029 25681 sass_function.cu:88] Compute time: 0.0772096
GPU running time: 0.0780803
CPU running time: 0.270688
index: 3005266 gpu: 247.16 cpu: 247.161
index: 5668264 gpu: 144.246 cpu: 144.247
index: 13199552 gpu: 238.726 cpu: 238.727
index: 14026714 gpu: -234.802 cpu: -234.801
index: 14687965 gpu: 282.861 cpu: 282.862
right transpose start
I0909 01:19:51.591269 25681 sass_function.cu:64] Load kernel: sgemm_nt_128x128_vec
I0909 01:19:51.591317 25681 sass_function.cu:65] Load kernel time: 2.176e-06
I0909 01:19:51.667862 25681 sass_function.cu:88] Compute time: 0.0762772
GPU running time: 0.0771259
CPU running time: 0.29403
index: 16722813 gpu: 236.267 cpu: 236.266
index: 18553157 gpu: 295.322 cpu: 295.323
index: 18634885 gpu: 290.91 cpu: 290.911
right transpose start
I0909 01:19:52.246526 25681 sass_function.cu:64] Load kernel: sgemm_nt_128x128_vec
I0909 01:19:52.246572 25681 sass_function.cu:65] Load kernel time: 2.208e-06
I0909 01:19:52.329167 25681 sass_function.cu:88] Compute time: 0.0823036
GPU running time: 0.0831651
CPU running time: 0.3195
index: 4041827 gpu: 295.525 cpu: 295.524
index: 10302865 gpu: -184.98 cpu: -184.981
index: 10569112 gpu: 131.875 cpu: 131.874
index: 14490431 gpu: -131.555 cpu: -131.556
index: 20020437 gpu: 154.256 cpu: 154.255
right transpose start
I0909 01:19:52.949858 25681 sass_function.cu:64] Load kernel: sgemm_nt_128x128_vec
I0909 01:19:52.949903 25681 sass_function.cu:65] Load kernel time: 2.24e-06
I0909 01:19:53.045701 25681 sass_function.cu:88] Compute time: 0.0954977
GPU running time: 0.0963417
CPU running time: 0.34718
index: 4376893 gpu: -263.329 cpu: -263.33
index: 5462594 gpu: 131.843 cpu: 131.842
index: 7999921 gpu: -263.917 cpu: -263.916
index: 10806447 gpu: -280.907 cpu: -280.908
index: 14787794 gpu: -338.077 cpu: -338.076
index: 14944781 gpu: -254.101 cpu: -254.102
index: 17712465 gpu: 267.449 cpu: 267.451
index: 20153385 gpu: 145.158 cpu: 145.159
right transpose start
I0909 01:19:53.709681 25681 sass_function.cu:64] Load kernel: sgemm_nt_128x128_vec
I0909 01:19:53.709728 25681 sass_function.cu:65] Load kernel time: 2.176e-06
I0909 01:19:53.810014 25681 sass_function.cu:88] Compute time: 0.100019
GPU running time: 0.10087
CPU running time: 0.375851
index: 277188 gpu: -259.845 cpu: -259.846
index: 6034346 gpu: -275.109 cpu: -275.11
index: 7902128 gpu: -190.982 cpu: -190.983
index: 8852893 gpu: -310.293 cpu: -310.294
index: 10001825 gpu: -277.32 cpu: -277.321
index: 15262961 gpu: -162.851 cpu: -162.852
index: 17619602 gpu: 269.128 cpu: 269.126
index: 18211965 gpu: 268.108 cpu: 268.107
index: 18675448 gpu: -279.528 cpu: -279.53
index: 20654743 gpu: 288.35 cpu: 288.351
index: 20765953 gpu: -178.81 cpu: -178.811
right transpose start
I0909 01:19:54.519984 25681 sass_function.cu:64] Load kernel: sgemm_nt_128x128_vec
I0909 01:19:54.520035 25681 sass_function.cu:65] Load kernel time: 2.208e-06
I0909 01:19:54.629354 25681 sass_function.cu:88] Compute time: 0.109054
GPU running time: 0.109998
CPU running time: 0.406506
index: 2369464 gpu: 154.013 cpu: 154.012
index: 3061126 gpu: 266.115 cpu: 266.114
index: 3563084 gpu: 212.209 cpu: 212.21
index: 4441199 gpu: 222.687 cpu: 222.685
index: 6762383 gpu: -212.894 cpu: -212.895
index: 8344302 gpu: -194.352 cpu: -194.351
index: 8702552 gpu: -156.368 cpu: -156.367
index: 9682746 gpu: 266.737 cpu: 266.736
index: 10232759 gpu: 289.517 cpu: 289.518
index: 14279580 gpu: -190.959 cpu: -190.96
index: 15823843 gpu: -253.146 cpu: -253.145
index: 15963086 gpu: 205.797 cpu: 205.796
index: 18998249 gpu: 217.159 cpu: 217.158
index: 19448435 gpu: 167.854 cpu: 167.853
index: 20339416 gpu: -281.656 cpu: -281.655
index: 23213170 gpu: -293.447 cpu: -293.448
index: 23239140 gpu: -306.875 cpu: -306.876
right transpose start
I0909 01:19:55.386621 25681 sass_function.cu:64] Load kernel: sgemm_nt_128x128_vec
I0909 01:19:55.386658 25681 sass_function.cu:65] Load kernel time: 2.208e-06
I0909 01:19:55.505620 25681 sass_function.cu:88] Compute time: 0.118724
GPU running time: 0.119601
CPU running time: 0.438719
index: 2481850 gpu: -274.096 cpu: -274.097
index: 3387521 gpu: -173.411 cpu: -173.41
index: 9141365 gpu: 270.487 cpu: 270.486
index: 9367443 gpu: 289.705 cpu: 289.707
index: 10494431 gpu: 277.868 cpu: 277.867
index: 11146760 gpu: -254.01 cpu: -254.011
index: 11722728 gpu: 176.237 cpu: 176.236
index: 12433175 gpu: -294.719 cpu: -294.718
index: 14249842 gpu: 209.911 cpu: 209.91
index: 14578921 gpu: -266.085 cpu: -266.086
index: 14938549 gpu: -305.804 cpu: -305.805
index: 15002830 gpu: 195.942 cpu: 195.941
index: 16238187 gpu: -204.931 cpu: -204.93
index: 16923367 gpu: -299.738 cpu: -299.737
index: 17059791 gpu: -176.372 cpu: -176.371
index: 19547026 gpu: 204.815 cpu: 204.814
index: 19746738 gpu: 333.131 cpu: 333.13
index: 22073341 gpu: 215.202 cpu: 215.201
index: 22129323 gpu: 277.996 cpu: 277.995
index: 22181537 gpu: -136.998 cpu: -136.997
index: 22247014 gpu: 141.938 cpu: 141.937
index: 23084036 gpu: -285.44 cpu: -285.439
index: 24291530 gpu: 258.265 cpu: 258.266
right transpose start
I0909 01:19:56.311949 25681 sass_function.cu:64] Load kernel: sgemm_nt_128x128_vec
I0909 01:19:56.312005 25681 sass_function.cu:65] Load kernel time: 2.176e-06
I0909 01:19:56.442950 25681 sass_function.cu:88] Compute time: 0.130669
GPU running time: 0.131541
CPU running time: 0.47492
index: 1248598 gpu: -350.298 cpu: -350.297
index: 2661643 gpu: 257.65 cpu: 257.649
index: 2882751 gpu: 153.2 cpu: 153.199
index: 3596926 gpu: -163.509 cpu: -163.508
index: 3892178 gpu: 222.786 cpu: 222.787
index: 4259788 gpu: 278.691 cpu: 278.69
index: 5497623 gpu: -329.909 cpu: -329.907
index: 5762514 gpu: -281.508 cpu: -281.507
index: 5922942 gpu: -254.616 cpu: -254.617
index: 5948551 gpu: -269.998 cpu: -269.997
index: 6972336 gpu: -303.546 cpu: -303.548
index: 7654748 gpu: -166.128 cpu: -166.129
index: 7938980 gpu: 276.042 cpu: 276.043
index: 8056572 gpu: -176.684 cpu: -176.683
index: 8108755 gpu: -130.877 cpu: -130.876
index: 10273336 gpu: -173.073 cpu: -173.074
index: 12248810 gpu: -125.436 cpu: -125.437
index: 12828839 gpu: -303.003 cpu: -303.004
index: 12982073 gpu: 180.598 cpu: 180.597
index: 13924689 gpu: 137.967 cpu: 137.968
index: 15131449 gpu: 291.491 cpu: 291.493
index: 15376421 gpu: -260.641 cpu: -260.642
index: 16382341 gpu: 194.878 cpu: 194.877
index: 16391549 gpu: 401.485 cpu: 401.486
index: 17988501 gpu: 194.125 cpu: 194.124
index: 18228226 gpu: -165.771 cpu: -165.772
index: 18256235 gpu: -282.515 cpu: -282.516
index: 19788005 gpu: -275.434 cpu: -275.435
index: 19981633 gpu: -261.698 cpu: -261.699
index: 20831867 gpu: -169.07 cpu: -169.069
index: 20883580 gpu: 134.437 cpu: 134.436
index: 20966492 gpu: 149.393 cpu: 149.392
index: 21354739 gpu: 132.693 cpu: 132.692
index: 21787937 gpu: -270.926 cpu: -270.927
index: 21798018 gpu: -330.341 cpu: -330.34
index: 22547739 gpu: 191.81 cpu: 191.811
index: 22764106 gpu: -300.18 cpu: -300.179
index: 22884628 gpu: -264.482 cpu: -264.481
index: 24111103 gpu: -261.332 cpu: -261.333
index: 24737476 gpu: 130.402 cpu: 130.401
end
