start
right transpose start
GPU running time: 0.118598
CPU running time: 0.00548608
right transpose start
GPU running time: 8.1605e-05
CPU running time: 0.00140884
right transpose start
GPU running time: 0.000143446
CPU running time: 0.00158118
right transpose start
GPU running time: 0.000258281
CPU running time: 0.00202133
right transpose start
GPU running time: 0.000432616
CPU running time: 0.00263636
right transpose start
GPU running time: 0.000680496
CPU running time: 0.00333082
right transpose start
GPU running time: 0.000832953
CPU running time: 0.00425182
right transpose start
GPU running time: 0.00129183
CPU running time: 0.00551238
right transpose start
GPU running time: 0.00172381
CPU running time: 0.00689626
right transpose start
GPU running time: 0.00211136
CPU running time: 0.00864097
right transpose start
GPU running time: 0.00293716
CPU running time: 0.0112868
right transpose start
GPU running time: 0.00372432
CPU running time: 0.0144121
right transpose start
GPU running time: 0.0044066
CPU running time: 0.0186356
right transpose start
GPU running time: 0.0057216
CPU running time: 0.0223103
right transpose start
GPU running time: 0.00699133
CPU running time: 0.0272477
right transpose start
GPU running time: 0.00810748
CPU running time: 0.0336074
right transpose start
GPU running time: 0.00999319
CPU running time: 0.0706835
right transpose start
GPU running time: 0.0117953
CPU running time: 0.046396
right transpose start
GPU running time: 0.0135898
CPU running time: 0.0548058
right transpose start
GPU running time: 0.0160829
CPU running time: 0.0637048
right transpose start
GPU running time: 0.0180963
CPU running time: 0.0732432
right transpose start
GPU running time: 0.0208801
CPU running time: 0.0831848
right transpose start
GPU running time: 0.0238268
CPU running time: 0.0962104
right transpose start
GPU running time: 0.0278697
CPU running time: 0.109179
right transpose start
GPU running time: 0.0308727
CPU running time: 0.123915
right transpose start
GPU running time: 0.0339951
CPU running time: 0.135578
right transpose start
GPU running time: 0.0383753
CPU running time: 0.152141
right transpose start
GPU running time: 0.0432428
CPU running time: 0.16867
right transpose start
GPU running time: 0.047125
CPU running time: 0.186555
index: 13242217 gpu: 196.095 cpu: 196.094
right transpose start
GPU running time: 0.0523377
CPU running time: 0.205073
index: 3528205 gpu: 278.409 cpu: 278.408
right transpose start
GPU running time: 0.0572777
CPU running time: 0.225999
index: 13457871 gpu: -180.747 cpu: -180.746
index: 13753726 gpu: -227.849 cpu: -227.85
right transpose start
GPU running time: 0.0634653
CPU running time: 0.245789
right transpose start
GPU running time: 0.0691574
CPU running time: 0.27061
index: 3517308 gpu: 135.234 cpu: 135.233
index: 4434802 gpu: 254.663 cpu: 254.662
index: 8983331 gpu: 154.403 cpu: 154.402
right transpose start
GPU running time: 0.0757276
CPU running time: 0.294567
index: 4801187 gpu: -179.666 cpu: -179.665
index: 7855822 gpu: 279.29 cpu: 279.291
index: 8584631 gpu: -150.44 cpu: -150.441
index: 17079058 gpu: -324.181 cpu: -324.18
right transpose start
GPU running time: 0.0824744
CPU running time: 0.320368
index: 6938404 gpu: 271.311 cpu: 271.312
index: 7887548 gpu: 206.66 cpu: 206.661
index: 9340409 gpu: -176.527 cpu: -176.528
index: 9453088 gpu: -127.933 cpu: -127.934
index: 12257098 gpu: -177.21 cpu: -177.211
index: 17045181 gpu: -254.127 cpu: -254.126
right transpose start
GPU running time: 0.0891102
CPU running time: 0.347341
index: 2772668 gpu: -192.741 cpu: -192.74
index: 4481864 gpu: -117.088 cpu: -117.089
index: 8188812 gpu: 332.028 cpu: 332.027
index: 10439873 gpu: -155.232 cpu: -155.233
index: 20619059 gpu: -168.288 cpu: -168.287
right transpose start
GPU running time: 0.0969792
CPU running time: 0.375693
index: 1706071 gpu: -199.363 cpu: -199.362
index: 5112096 gpu: 183.169 cpu: 183.168
index: 12916624 gpu: -244.529 cpu: -244.53
index: 15731464 gpu: -287.139 cpu: -287.14
index: 17106517 gpu: 147.852 cpu: 147.851
index: 18252251 gpu: 289.392 cpu: 289.393
index: 18829994 gpu: -289.628 cpu: -289.627
index: 20011995 gpu: -325.527 cpu: -325.528
index: 20475612 gpu: -261.882 cpu: -261.881
index: 21786007 gpu: 279.05 cpu: 279.051
right transpose start
GPU running time: 0.105068
CPU running time: 0.407721
index: 349921 gpu: -173.065 cpu: -173.066
index: 891693 gpu: 314.546 cpu: 314.547
index: 1600431 gpu: 287.772 cpu: 287.773
index: 1932553 gpu: 145.196 cpu: 145.195
index: 2015034 gpu: -282.251 cpu: -282.252
index: 3521486 gpu: -158.543 cpu: -158.542
index: 5623168 gpu: 162.747 cpu: 162.746
index: 6568039 gpu: -184.958 cpu: -184.959
index: 8268306 gpu: 290.905 cpu: 290.904
index: 8530675 gpu: -258.06 cpu: -258.059
index: 8586062 gpu: -284.842 cpu: -284.843
index: 9950489 gpu: -149.526 cpu: -149.525
index: 11486651 gpu: -257.639 cpu: -257.638
index: 12050033 gpu: 306.838 cpu: 306.837
index: 13838608 gpu: -143.46 cpu: -143.459
index: 17243276 gpu: -172.672 cpu: -172.671
index: 19541560 gpu: 184.851 cpu: 184.852
index: 21141630 gpu: -286.591 cpu: -286.592
index: 22066679 gpu: -212.575 cpu: -212.574
index: 22583519 gpu: 146.384 cpu: 146.383
index: 22638610 gpu: 133.07 cpu: 133.071
index: 22664759 gpu: 228.005 cpu: 228.006
index: 22689350 gpu: 306.675 cpu: 306.674
index: 22741208 gpu: 250.335 cpu: 250.334
right transpose start
GPU running time: 0.113004
CPU running time: 0.437861
index: 1200833 gpu: -179.338 cpu: -179.339
index: 1382969 gpu: -298.097 cpu: -298.098
index: 2948659 gpu: -271.106 cpu: -271.107
index: 3148836 gpu: -278.8 cpu: -278.799
index: 4936143 gpu: 268.869 cpu: 268.868
index: 6120268 gpu: -283.496 cpu: -283.495
index: 6210259 gpu: 314.797 cpu: 314.798
index: 8151938 gpu: 174.92 cpu: 174.919
index: 10036242 gpu: -288.99 cpu: -288.991
index: 11741745 gpu: 190.16 cpu: 190.159
index: 11954180 gpu: 286.963 cpu: 286.964
index: 12230027 gpu: -160.638 cpu: -160.639
index: 12680057 gpu: -322.388 cpu: -322.389
index: 14083596 gpu: -302.167 cpu: -302.165
index: 15404927 gpu: -237.619 cpu: -237.618
index: 15639897 gpu: 199.243 cpu: 199.242
index: 15756980 gpu: -286.546 cpu: -286.547
index: 16360790 gpu: 202.202 cpu: 202.201
index: 17991913 gpu: -301.612 cpu: -301.614
index: 20104806 gpu: -155.979 cpu: -155.978
index: 22641568 gpu: -269.071 cpu: -269.07
index: 24745600 gpu: 288.22 cpu: 288.221
right transpose start
GPU running time: 0.122454
CPU running time: 0.475482
index: 112983 gpu: 248.533 cpu: 248.532
index: 888076 gpu: -314.166 cpu: -314.165
index: 1829656 gpu: 265.399 cpu: 265.4
index: 3989778 gpu: -269.357 cpu: -269.358
index: 4203256 gpu: 278.074 cpu: 278.075
index: 4826142 gpu: -277.935 cpu: -277.934
index: 6323994 gpu: -297.137 cpu: -297.138
index: 7455915 gpu: 270.292 cpu: 270.29
index: 7686329 gpu: -271.474 cpu: -271.473
index: 8047709 gpu: -263.951 cpu: -263.95
index: 8426715 gpu: -227.698 cpu: -227.699
index: 9217485 gpu: -255.323 cpu: -255.324
index: 11779753 gpu: -140.197 cpu: -140.196
index: 12220753 gpu: 258.713 cpu: 258.714
index: 13741411 gpu: -274.68 cpu: -274.679
index: 14468277 gpu: -295.536 cpu: -295.535
index: 15166330 gpu: 264.71 cpu: 264.712
index: 16059060 gpu: 258.429 cpu: 258.428
index: 16179152 gpu: -291.779 cpu: -291.78
index: 16406863 gpu: -255.602 cpu: -255.601
index: 16514995 gpu: -146.958 cpu: -146.959
index: 17158701 gpu: 285.449 cpu: 285.448
index: 18145679 gpu: 256.222 cpu: 256.223
index: 18265138 gpu: 160.372 cpu: 160.373
index: 18310567 gpu: -254.944 cpu: -254.945
index: 18332172 gpu: -163.881 cpu: -163.88
index: 18595759 gpu: -96.8061 cpu: -96.8051
index: 19086155 gpu: 190.502 cpu: 190.501
index: 19327634 gpu: 270.203 cpu: 270.204
index: 19503000 gpu: 186.875 cpu: 186.876
index: 19660185 gpu: -263.662 cpu: -263.661
index: 20956397 gpu: 312.924 cpu: 312.923
index: 22113268 gpu: 187.992 cpu: 187.993
index: 22354551 gpu: -290.872 cpu: -290.871
index: 24572479 gpu: -261.997 cpu: -261.996
index: 24735308 gpu: -330.988 cpu: -330.989
index: 25289224 gpu: 157.614 cpu: 157.615
end
