start
left transpose start
GPU running time: 0.120605
CPU running time: 0.005264
left transpose start
GPU running time: 7.6832e-05
CPU running time: 0.001295
left transpose start
GPU running time: 0.000109184
CPU running time: 0.001623
left transpose start
GPU running time: 0.000217344
CPU running time: 0.001996
left transpose start
GPU running time: 0.000261312
CPU running time: 0.002834
left transpose start
GPU running time: 0.000463168
CPU running time: 0.003653
left transpose start
GPU running time: 0.00065968
CPU running time: 0.005008
left transpose start
GPU running time: 0.00117344
CPU running time: 0.006042
left transpose start
GPU running time: 0.00145936
CPU running time: 0.007935
left transpose start
GPU running time: 0.00197555
CPU running time: 0.009802
left transpose start
GPU running time: 0.00245638
CPU running time: 0.012413
left transpose start
GPU running time: 0.00310586
CPU running time: 0.01556
left transpose start
GPU running time: 0.003872
CPU running time: 0.018992
left transpose start
GPU running time: 0.00482166
CPU running time: 0.022575
left transpose start
GPU running time: 0.0057071
CPU running time: 0.027581
left transpose start
GPU running time: 0.00704982
CPU running time: 0.033001
left transpose start
GPU running time: 0.0083417
CPU running time: 0.634585
left transpose start
GPU running time: 0.0101196
CPU running time: 0.08962
left transpose start
GPU running time: 0.0113845
CPU running time: 0.105073
left transpose start
GPU running time: 0.0129469
CPU running time: 0.110706
left transpose start
GPU running time: 0.0151326
CPU running time: 0.072888
left transpose start
GPU running time: 0.0174164
CPU running time: 0.082384
left transpose start
GPU running time: 0.0196996
CPU running time: 0.094302
left transpose start
GPU running time: 0.0222499
CPU running time: 0.108294
left transpose start
GPU running time: 0.0254162
CPU running time: 0.121017
left transpose start
GPU running time: 0.0279286
CPU running time: 0.134304
left transpose start
GPU running time: 0.0316788
CPU running time: 0.151378
left transpose start
GPU running time: 0.0350742
CPU running time: 0.170214
left transpose start
GPU running time: 0.0391904
CPU running time: 0.186002
left transpose start
GPU running time: 0.0441219
CPU running time: 0.204767
index: 4325822 gpu: -279.009 cpu: -279.01
left transpose start
GPU running time: 0.0475502
CPU running time: 0.22599
left transpose start
GPU running time: 0.0517789
CPU running time: 0.245642
index: 6322524 gpu: 307.948 cpu: 307.949
left transpose start
GPU running time: 0.0569945
CPU running time: 0.271431
left transpose start
GPU running time: 0.0623922
CPU running time: 0.295532
index: 2559433 gpu: 166.778 cpu: 166.777
index: 8234006 gpu: -269.595 cpu: -269.594
index: 12301136 gpu: -176.599 cpu: -176.598
index: 16570635 gpu: -153.777 cpu: -153.778
left transpose start
GPU running time: 0.0684137
CPU running time: 0.321889
index: 4665004 gpu: 201.285 cpu: 201.284
index: 7679147 gpu: -172.549 cpu: -172.548
index: 9420785 gpu: -145.904 cpu: -145.905
index: 9660656 gpu: 277.049 cpu: 277.048
index: 13605784 gpu: -171.111 cpu: -171.11
index: 19998361 gpu: -128.037 cpu: -128.036
left transpose start
GPU running time: 0.0747195
CPU running time: 0.350802
index: 154914 gpu: 268.869 cpu: 268.868
index: 361963 gpu: 236.416 cpu: 236.415
index: 2995777 gpu: 275.201 cpu: 275.2
index: 8667110 gpu: -220.333 cpu: -220.332
index: 16092622 gpu: 278.417 cpu: 278.418
index: 16374775 gpu: 256.871 cpu: 256.87
left transpose start
GPU running time: 0.0808441
CPU running time: 0.378838
index: 7796647 gpu: -275.838 cpu: -275.839
index: 8735901 gpu: 235.824 cpu: 235.826
index: 8784147 gpu: 188.645 cpu: 188.643
index: 9740161 gpu: -237.21 cpu: -237.209
index: 12555381 gpu: -152.274 cpu: -152.275
index: 13462951 gpu: -236.449 cpu: -236.448
index: 15948057 gpu: -286.972 cpu: -286.971
index: 16473460 gpu: -258.943 cpu: -258.945
index: 17195334 gpu: -287.907 cpu: -287.906
index: 17964231 gpu: 187.831 cpu: 187.83
index: 18120472 gpu: -267.623 cpu: -267.624
left transpose start
GPU running time: 0.0866563
CPU running time: 0.408998
index: 1154193 gpu: -153.565 cpu: -153.564
index: 5231995 gpu: 198.604 cpu: 198.603
index: 5423314 gpu: 290.595 cpu: 290.594
index: 8625372 gpu: 296.357 cpu: 296.358
index: 9246726 gpu: 256.646 cpu: 256.647
index: 9321054 gpu: -193.23 cpu: -193.231
index: 11097369 gpu: -246.822 cpu: -246.821
index: 13044366 gpu: 225.079 cpu: 225.08
index: 13668890 gpu: 301.065 cpu: 301.064
index: 14501151 gpu: -149.028 cpu: -149.027
index: 14709315 gpu: 278.154 cpu: 278.153
index: 16951027 gpu: 189.079 cpu: 189.077
index: 16956180 gpu: 156.575 cpu: 156.577
index: 18642673 gpu: 188.945 cpu: 188.946
index: 19171820 gpu: -211.972 cpu: -211.973
index: 19694495 gpu: -175.324 cpu: -175.323
index: 20645907 gpu: 132.584 cpu: 132.583
index: 21563283 gpu: -166.597 cpu: -166.596
index: 22132028 gpu: 304.757 cpu: 304.756
index: 22880134 gpu: 183.586 cpu: 183.587
index: 23065304 gpu: 289.529 cpu: 289.53
left transpose start
GPU running time: 0.0933666
CPU running time: 0.441042
index: 114605 gpu: -154.991 cpu: -154.992
index: 207868 gpu: -341.891 cpu: -341.892
index: 473373 gpu: -286.412 cpu: -286.411
index: 1037347 gpu: 312.535 cpu: 312.536
index: 3090163 gpu: -156.518 cpu: -156.517
index: 4436202 gpu: 256.397 cpu: 256.398
index: 6440153 gpu: -169.288 cpu: -169.29
index: 6757063 gpu: 203.968 cpu: 203.967
index: 7158796 gpu: -262.96 cpu: -262.961
index: 7233954 gpu: 270.667 cpu: 270.666
index: 7886824 gpu: -187.142 cpu: -187.141
index: 9599807 gpu: 191.189 cpu: 191.188
index: 9972181 gpu: 216.337 cpu: 216.336
index: 10268902 gpu: 149.156 cpu: 149.157
index: 10956818 gpu: 274.516 cpu: 274.517
index: 12132648 gpu: 131.722 cpu: 131.723
index: 12150536 gpu: 271.395 cpu: 271.394
index: 13732000 gpu: 214.041 cpu: 214.04
index: 13955169 gpu: -137.062 cpu: -137.063
index: 15065265 gpu: -293.202 cpu: -293.201
index: 16247845 gpu: -196.361 cpu: -196.362
index: 18469778 gpu: -296.176 cpu: -296.177
index: 19198896 gpu: 278.975 cpu: 278.974
index: 19236412 gpu: -212.441 cpu: -212.442
index: 19246555 gpu: 312.376 cpu: 312.377
index: 23360523 gpu: -297.492 cpu: -297.491
left transpose start
GPU running time: 0.101044
CPU running time: 0.478999
index: 867091 gpu: -118.567 cpu: -118.566
index: 916609 gpu: 230.132 cpu: 230.133
index: 1794383 gpu: -287.518 cpu: -287.519
index: 2449120 gpu: 279.475 cpu: 279.474
index: 3291869 gpu: -177.266 cpu: -177.265
index: 4186563 gpu: 152.74 cpu: 152.741
index: 5843933 gpu: 290.713 cpu: 290.712
index: 6151790 gpu: 144.078 cpu: 144.077
index: 6173774 gpu: -149.617 cpu: -149.618
index: 6801603 gpu: 308.652 cpu: 308.651
index: 7014863 gpu: -322.361 cpu: -322.36
index: 7017343 gpu: -285.884 cpu: -285.885
index: 7291593 gpu: 158.489 cpu: 158.488
index: 7387040 gpu: 261.989 cpu: 261.988
index: 7634773 gpu: -261.029 cpu: -261.03
index: 8129135 gpu: -188.898 cpu: -188.899
index: 8379707 gpu: -173.237 cpu: -173.236
index: 10499099 gpu: 166.359 cpu: 166.358
index: 10937436 gpu: 229.652 cpu: 229.65
index: 11755798 gpu: -262.338 cpu: -262.339
index: 11928790 gpu: -141.454 cpu: -141.455
index: 12073606 gpu: -264.252 cpu: -264.251
index: 12551348 gpu: 151.082 cpu: 151.081
index: 13976069 gpu: 253.431 cpu: 253.43
index: 14102078 gpu: -166.512 cpu: -166.513
index: 14829618 gpu: -281.352 cpu: -281.351
index: 14924875 gpu: 293.559 cpu: 293.56
index: 15826755 gpu: 192.289 cpu: 192.288
index: 16140178 gpu: -229.791 cpu: -229.79
index: 16337299 gpu: -151.588 cpu: -151.589
index: 16553099 gpu: 142.866 cpu: 142.867
index: 17581702 gpu: -155.257 cpu: -155.256
index: 19068324 gpu: -263.932 cpu: -263.931
index: 19933725 gpu: -282.645 cpu: -282.646
index: 20390126 gpu: -247.05 cpu: -247.049
index: 20678051 gpu: 133.648 cpu: 133.647
index: 21017901 gpu: -340.087 cpu: -340.088
index: 21897562 gpu: 289.582 cpu: 289.581
index: 23005400 gpu: -257.818 cpu: -257.817
index: 25136693 gpu: -273.195 cpu: -273.194
index: 25241804 gpu: -298.07 cpu: -298.071
index: 26094115 gpu: -279.187 cpu: -279.188
end
