start
no transpose start
GPU running time: 0.119781
CPU running time: 0.00540543
no transpose start
GPU running time: 7.5195e-05
CPU running time: 0.00157977
no transpose start
GPU running time: 0.000119772
CPU running time: 0.00154286
no transpose start
GPU running time: 0.000219445
CPU running time: 0.00198944
no transpose start
GPU running time: 0.000263559
CPU running time: 0.00267091
no transpose start
GPU running time: 0.000573023
CPU running time: 0.00343952
no transpose start
GPU running time: 0.000663324
CPU running time: 0.00440475
no transpose start
GPU running time: 0.00116701
CPU running time: 0.00585892
no transpose start
GPU running time: 0.00149976
CPU running time: 0.00764848
no transpose start
GPU running time: 0.00201402
CPU running time: 0.00957738
no transpose start
GPU running time: 0.00249248
CPU running time: 0.012018
no transpose start
GPU running time: 0.0031729
CPU running time: 0.0148904
no transpose start
GPU running time: 0.00402903
CPU running time: 0.01863
no transpose start
GPU running time: 0.00491168
CPU running time: 0.0227222
no transpose start
GPU running time: 0.00588863
CPU running time: 0.0277204
no transpose start
GPU running time: 0.00710157
CPU running time: 0.0342373
no transpose start
GPU running time: 0.00861852
CPU running time: 0.341698
no transpose start
GPU running time: 0.0103601
CPU running time: 0.0476282
no transpose start
GPU running time: 0.0117844
CPU running time: 0.0557541
no transpose start
GPU running time: 0.0135982
CPU running time: 0.0647037
no transpose start
GPU running time: 0.0161844
CPU running time: 0.0741597
no transpose start
GPU running time: 0.0181641
CPU running time: 0.0842439
no transpose start
GPU running time: 0.020505
CPU running time: 0.0964051
no transpose start
GPU running time: 0.0237213
CPU running time: 0.110814
no transpose start
GPU running time: 0.0270175
CPU running time: 0.123066
index: 2821555 gpu: 147.957 cpu: 147.956
no transpose start
GPU running time: 0.0289953
CPU running time: 0.137151
no transpose start
GPU running time: 0.0331952
CPU running time: 0.153357
no transpose start
GPU running time: 0.0364358
CPU running time: 0.170543
no transpose start
GPU running time: 0.0408958
CPU running time: 0.188189
no transpose start
GPU running time: 0.0465421
CPU running time: 0.20734
index: 1693308 gpu: -172.361 cpu: -172.36
no transpose start
GPU running time: 0.0492918
CPU running time: 0.227796
no transpose start
GPU running time: 0.0524775
CPU running time: 0.24673
index: 245452 gpu: 198.115 cpu: 198.116
index: 1200998 gpu: 228.917 cpu: 228.916
index: 5519019 gpu: 256.09 cpu: 256.092
no transpose start
GPU running time: 0.0595569
CPU running time: 0.275233
index: 2296119 gpu: 191.052 cpu: 191.053
index: 11710774 gpu: -162.958 cpu: -162.959
index: 13365744 gpu: -106.081 cpu: -106.08
no transpose start
GPU running time: 0.0653403
CPU running time: 0.299715
index: 14484138 gpu: -282.626 cpu: -282.627
no transpose start
GPU running time: 0.0718262
CPU running time: 0.324616
index: 1637844 gpu: 291.551 cpu: 291.549
index: 3141227 gpu: -170.404 cpu: -170.405
index: 11052040 gpu: -176.255 cpu: -176.254
index: 11540923 gpu: -271.28 cpu: -271.281
index: 14539933 gpu: 279.759 cpu: 279.758
index: 14679643 gpu: -188.583 cpu: -188.584
no transpose start
GPU running time: 0.0772825
CPU running time: 0.353146
index: 3967998 gpu: -141.993 cpu: -141.994
index: 4406494 gpu: 268.521 cpu: 268.52
index: 8121756 gpu: 304.57 cpu: 304.571
index: 18304877 gpu: -251.472 cpu: -251.473
index: 18892106 gpu: 205.269 cpu: 205.27
index: 21116540 gpu: 185.861 cpu: 185.86
no transpose start
GPU running time: 0.0838888
CPU running time: 0.381253
index: 463841 gpu: -231.458 cpu: -231.457
index: 4325404 gpu: -281.652 cpu: -281.653
index: 5217033 gpu: 299.426 cpu: 299.425
index: 6733181 gpu: -156.203 cpu: -156.204
index: 7519582 gpu: 155.376 cpu: 155.377
index: 13990569 gpu: -300.068 cpu: -300.069
index: 17423523 gpu: 278.76 cpu: 278.759
index: 20583161 gpu: -180.592 cpu: -180.593
no transpose start
GPU running time: 0.0893325
CPU running time: 0.410107
index: 29964 gpu: -273.995 cpu: -273.994
index: 141620 gpu: 147.595 cpu: 147.594
index: 2440091 gpu: 265.185 cpu: 265.186
index: 3282950 gpu: -156.41 cpu: -156.412
index: 4432726 gpu: 147.035 cpu: 147.034
index: 5070564 gpu: 154.133 cpu: 154.132
index: 9394474 gpu: -283.774 cpu: -283.773
index: 9964221 gpu: 279.901 cpu: 279.902
index: 10163000 gpu: 301.9 cpu: 301.901
index: 14788676 gpu: -290.222 cpu: -290.223
index: 15796835 gpu: 220.905 cpu: 220.907
index: 15924552 gpu: 174.774 cpu: 174.775
index: 16618781 gpu: -322.729 cpu: -322.731
index: 17572681 gpu: 171.237 cpu: 171.238
index: 18129165 gpu: -168.883 cpu: -168.884
index: 22199093 gpu: -303.761 cpu: -303.762
index: 23167037 gpu: 140.093 cpu: 140.092
index: 23356722 gpu: -313.833 cpu: -313.834
no transpose start
GPU running time: 0.0978324
CPU running time: 0.445269
index: 835554 gpu: -158.632 cpu: -158.631
index: 4816653 gpu: 253.06 cpu: 253.061
index: 5059916 gpu: 144.16 cpu: 144.159
index: 6199125 gpu: 178.91 cpu: 178.909
index: 7424584 gpu: -322.054 cpu: -322.053
index: 8346069 gpu: -239.152 cpu: -239.151
index: 8861200 gpu: 296.564 cpu: 296.563
index: 8979391 gpu: -282.236 cpu: -282.235
index: 9668298 gpu: -141.724 cpu: -141.725
index: 10140693 gpu: 271.326 cpu: 271.327
index: 10358119 gpu: -146.637 cpu: -146.636
index: 12870173 gpu: -303.472 cpu: -303.473
index: 13672646 gpu: 294.976 cpu: 294.977
index: 13913172 gpu: 160.567 cpu: 160.568
index: 14808841 gpu: -191.602 cpu: -191.603
index: 14917702 gpu: -159.283 cpu: -159.284
index: 16302191 gpu: -331.909 cpu: -331.908
index: 17180980 gpu: -296.494 cpu: -296.493
index: 17384518 gpu: -214.019 cpu: -214.02
index: 17403101 gpu: -170.825 cpu: -170.824
index: 17512487 gpu: -283.349 cpu: -283.348
index: 18555610 gpu: 208.507 cpu: 208.506
index: 18858117 gpu: 305.974 cpu: 305.975
index: 19937404 gpu: 236.827 cpu: 236.826
index: 20011224 gpu: 246.044 cpu: 246.045
index: 20668840 gpu: 253.309 cpu: 253.307
index: 20677012 gpu: 234.282 cpu: 234.281
index: 20767903 gpu: 179.023 cpu: 179.024
index: 22206770 gpu: 268.182 cpu: 268.183
index: 22213518 gpu: 323.598 cpu: 323.599
index: 22459194 gpu: 261.254 cpu: 261.253
index: 23626295 gpu: -83.389 cpu: -83.3901
index: 24708458 gpu: -149.61 cpu: -149.609
index: 24843776 gpu: -231.272 cpu: -231.271
no transpose start
GPU running time: 0.107384
CPU running time: 0.481878
index: 695487 gpu: 321.829 cpu: 321.828
index: 1242842 gpu: 169.049 cpu: 169.05
index: 1361376 gpu: -248.687 cpu: -248.688
index: 1510636 gpu: -166.972 cpu: -166.973
index: 2161865 gpu: 304.909 cpu: 304.908
index: 2228275 gpu: 234.156 cpu: 234.158
index: 3135856 gpu: -290.583 cpu: -290.584
index: 3963144 gpu: -259.064 cpu: -259.065
index: 5853615 gpu: 271.067 cpu: 271.066
index: 6126690 gpu: 287.872 cpu: 287.871
index: 6170096 gpu: -198.923 cpu: -198.922
index: 6257208 gpu: 250.804 cpu: 250.803
index: 7234993 gpu: 257.663 cpu: 257.664
index: 8014437 gpu: 331.096 cpu: 331.097
index: 8523838 gpu: -268.667 cpu: -268.666
index: 8913970 gpu: -213.399 cpu: -213.4
index: 8969828 gpu: 291.947 cpu: 291.948
index: 9241250 gpu: -292.538 cpu: -292.537
index: 9444277 gpu: 279.235 cpu: 279.236
index: 9531846 gpu: 263.332 cpu: 263.333
index: 10208412 gpu: 223.847 cpu: 223.848
index: 11368014 gpu: 303.325 cpu: 303.327
index: 11425572 gpu: 331.524 cpu: 331.523
index: 11428024 gpu: -350.791 cpu: -350.793
index: 12794632 gpu: -244.159 cpu: -244.16
index: 13675013 gpu: 314.223 cpu: 314.224
index: 13773208 gpu: -200.06 cpu: -200.061
index: 14946507 gpu: -276.893 cpu: -276.892
index: 15678799 gpu: -300.325 cpu: -300.324
index: 16117689 gpu: 202.363 cpu: 202.364
index: 18049957 gpu: -281.906 cpu: -281.904
index: 18865124 gpu: 184.134 cpu: 184.133
index: 19509996 gpu: 269.687 cpu: 269.689
index: 20012584 gpu: 171.428 cpu: 171.427
index: 20124173 gpu: 177.652 cpu: 177.653
index: 20342083 gpu: -305.667 cpu: -305.666
index: 20474007 gpu: -285.764 cpu: -285.763
index: 22595772 gpu: 321.427 cpu: 321.428
index: 22825154 gpu: -192.159 cpu: -192.16
index: 23109702 gpu: -290.981 cpu: -290.98
index: 23141415 gpu: 279.021 cpu: 279.023
index: 23562813 gpu: 209.345 cpu: 209.346
index: 24714851 gpu: 151.002 cpu: 151.001
index: 24921563 gpu: -202.669 cpu: -202.67
index: 25373426 gpu: -270.383 cpu: -270.382
index: 26022202 gpu: -202.874 cpu: -202.873
end
