start
right transpose start
GPU running time: 0.143241
CPU running time: 0.00538811
right transpose start
GPU running time: 0.000300819
CPU running time: 0.00135307
right transpose start
GPU running time: 0.000140172
CPU running time: 0.00151389
right transpose start
GPU running time: 0.000542896
CPU running time: 0.00195779
right transpose start
GPU running time: 0.000603233
CPU running time: 0.00267444
right transpose start
GPU running time: 0.000882533
CPU running time: 0.00317888
right transpose start
GPU running time: 0.00105674
CPU running time: 0.00407454
right transpose start
GPU running time: 0.00129278
CPU running time: 0.00544751
right transpose start
GPU running time: 0.00171649
CPU running time: 0.00724374
right transpose start
GPU running time: 0.00210983
CPU running time: 0.00884802
right transpose start
GPU running time: 0.00287476
CPU running time: 0.0115247
right transpose start
GPU running time: 0.00375213
CPU running time: 0.0144109
right transpose start
GPU running time: 0.00438423
CPU running time: 0.0179908
right transpose start
GPU running time: 0.00572135
CPU running time: 0.0221638
right transpose start
GPU running time: 0.00702993
CPU running time: 0.0272921
right transpose start
GPU running time: 0.00811085
CPU running time: 0.034133
right transpose start
GPU running time: 0.00997152
CPU running time: 0.408278
right transpose start
GPU running time: 0.0120117
CPU running time: 0.0473823
right transpose start
GPU running time: 0.0137584
CPU running time: 0.0554546
right transpose start
GPU running time: 0.016386
CPU running time: 0.0644496
right transpose start
GPU running time: 0.0182297
CPU running time: 0.0738596
right transpose start
GPU running time: 0.0211211
CPU running time: 0.083758
right transpose start
GPU running time: 0.0238854
CPU running time: 0.0960587
right transpose start
GPU running time: 0.0278392
CPU running time: 0.109213
right transpose start
GPU running time: 0.0308847
CPU running time: 0.12297
right transpose start
GPU running time: 0.0338795
CPU running time: 0.135116
right transpose start
GPU running time: 0.0383999
CPU running time: 0.152038
right transpose start
GPU running time: 0.0434732
CPU running time: 0.168411
right transpose start
GPU running time: 0.0472408
CPU running time: 0.186378
index: 13255302 gpu: 270.549 cpu: 270.55
right transpose start
GPU running time: 0.0524892
CPU running time: 0.205251
right transpose start
GPU running time: 0.0572664
CPU running time: 0.225835
index: 163756 gpu: -198.682 cpu: -198.683
index: 1067299 gpu: 285.146 cpu: 285.148
index: 6551003 gpu: 287.981 cpu: 287.98
right transpose start
GPU running time: 0.0634434
CPU running time: 0.245912
right transpose start
GPU running time: 0.0703849
CPU running time: 0.271126
index: 14726154 gpu: 239.724 cpu: 239.725
right transpose start
GPU running time: 0.0757937
CPU running time: 0.293666
index: 174586 gpu: 291.261 cpu: 291.26
index: 2932977 gpu: -181.573 cpu: -181.574
index: 5025036 gpu: -182.062 cpu: -182.061
index: 14298100 gpu: -311.924 cpu: -311.925
right transpose start
GPU running time: 0.0824971
CPU running time: 0.320409
index: 652048 gpu: -291.743 cpu: -291.742
index: 6407515 gpu: 209.684 cpu: 209.683
index: 12070926 gpu: 148.893 cpu: 148.892
index: 14159493 gpu: 185.706 cpu: 185.705
index: 14987123 gpu: -347.634 cpu: -347.633
index: 18266542 gpu: -289.901 cpu: -289.899
right transpose start
GPU running time: 0.0891049
CPU running time: 0.347572
index: 9170205 gpu: 178.571 cpu: 178.57
index: 10058588 gpu: 286.224 cpu: 286.223
index: 10878475 gpu: -175.102 cpu: -175.1
index: 15256826 gpu: 130.421 cpu: 130.422
index: 17357898 gpu: -260.091 cpu: -260.092
index: 17631502 gpu: 337.327 cpu: 337.328
index: 17995377 gpu: -153.992 cpu: -153.991
index: 19099852 gpu: 268.671 cpu: 268.672
index: 19611469 gpu: 195.41 cpu: 195.411
index: 20406360 gpu: -155.993 cpu: -155.994
right transpose start
GPU running time: 0.0970471
CPU running time: 0.376445
index: 5934313 gpu: 214.584 cpu: 214.585
index: 10024043 gpu: -211.701 cpu: -211.702
index: 11863595 gpu: -291.102 cpu: -291.101
index: 14088346 gpu: 244.569 cpu: 244.57
index: 18837101 gpu: -149.555 cpu: -149.556
index: 20625578 gpu: -151.697 cpu: -151.696
index: 20797887 gpu: -192.309 cpu: -192.308
index: 21293697 gpu: -248.753 cpu: -248.752
right transpose start
GPU running time: 0.105295
CPU running time: 0.405036
index: 1484967 gpu: -227.138 cpu: -227.139
index: 1735603 gpu: 176.67 cpu: 176.669
index: 2578538 gpu: 157.992 cpu: 157.991
index: 4398345 gpu: -277.482 cpu: -277.483
index: 6338000 gpu: -278.564 cpu: -278.563
index: 7898428 gpu: -155.38 cpu: -155.379
index: 9808652 gpu: 265.118 cpu: 265.119
index: 10621911 gpu: 284.179 cpu: 284.18
index: 12992109 gpu: 150.298 cpu: 150.299
index: 16737345 gpu: 217.367 cpu: 217.368
index: 17076902 gpu: 288.142 cpu: 288.141
index: 17244833 gpu: 289.237 cpu: 289.236
index: 20397185 gpu: -239.926 cpu: -239.927
index: 20880220 gpu: 273.339 cpu: 273.34
index: 21375576 gpu: -298.797 cpu: -298.796
index: 21892395 gpu: -227.952 cpu: -227.954
index: 23451755 gpu: -307.571 cpu: -307.572
index: 23565533 gpu: 245.086 cpu: 245.085
right transpose start
GPU running time: 0.11295
CPU running time: 0.438575
index: 46444 gpu: 295.022 cpu: 295.02
index: 477660 gpu: -138.559 cpu: -138.561
index: 1595989 gpu: 269.07 cpu: 269.071
index: 2042259 gpu: -147.56 cpu: -147.562
index: 2187138 gpu: 275.857 cpu: 275.858
index: 2668361 gpu: 129.777 cpu: 129.778
index: 3704934 gpu: -196.25 cpu: -196.251
index: 4581996 gpu: 168.376 cpu: 168.377
index: 4602938 gpu: 273.821 cpu: 273.822
index: 4864419 gpu: -282.929 cpu: -282.93
index: 7294450 gpu: -271.334 cpu: -271.335
index: 8142565 gpu: -269.623 cpu: -269.624
index: 9337034 gpu: -214.297 cpu: -214.298
index: 9875005 gpu: -302.457 cpu: -302.458
index: 10438084 gpu: 142.227 cpu: 142.225
index: 10856703 gpu: 324.844 cpu: 324.845
index: 12359613 gpu: 275.88 cpu: 275.879
index: 12370347 gpu: -188.576 cpu: -188.577
index: 12714281 gpu: 274.758 cpu: 274.76
index: 13191172 gpu: -269.523 cpu: -269.524
index: 13524528 gpu: -282.954 cpu: -282.956
index: 14228690 gpu: 173.308 cpu: 173.309
index: 15421216 gpu: 304.094 cpu: 304.095
index: 16405201 gpu: 195.029 cpu: 195.028
index: 17255941 gpu: 265.624 cpu: 265.623
index: 17845709 gpu: -259.859 cpu: -259.86
index: 19357541 gpu: -256.138 cpu: -256.139
index: 21978261 gpu: -277.769 cpu: -277.77
index: 22367340 gpu: 294.746 cpu: 294.745
index: 24163545 gpu: 302.16 cpu: 302.161
index: 24227734 gpu: 296.233 cpu: 296.232
right transpose start
GPU running time: 0.122478
CPU running time: 0.475505
index: 132676 gpu: 162.843 cpu: 162.842
index: 1934806 gpu: 300.889 cpu: 300.89
index: 3428627 gpu: -260.682 cpu: -260.681
index: 3616610 gpu: 167.929 cpu: 167.928
index: 4393318 gpu: 156.199 cpu: 156.198
index: 4881632 gpu: -248.444 cpu: -248.445
index: 5261253 gpu: 154.555 cpu: 154.556
index: 7200647 gpu: -146.673 cpu: -146.674
index: 7944519 gpu: 274.864 cpu: 274.863
index: 8623137 gpu: -328.121 cpu: -328.123
index: 8857523 gpu: -205.303 cpu: -205.302
index: 9412261 gpu: -237.284 cpu: -237.285
index: 9863487 gpu: 255.695 cpu: 255.694
index: 10439033 gpu: 196.065 cpu: 196.066
index: 12865711 gpu: -222.006 cpu: -222.005
index: 14023345 gpu: -296.184 cpu: -296.186
index: 14414880 gpu: 238.195 cpu: 238.196
index: 16307858 gpu: -180.905 cpu: -180.904
index: 16314539 gpu: -169.036 cpu: -169.035
index: 17118416 gpu: -287.345 cpu: -287.344
index: 17619947 gpu: -287.968 cpu: -287.967
index: 19394078 gpu: 263.753 cpu: 263.752
index: 19739767 gpu: 138.627 cpu: 138.628
index: 19742964 gpu: 213.63 cpu: 213.629
index: 20424398 gpu: -244.799 cpu: -244.8
index: 21465462 gpu: -316.757 cpu: -316.756
index: 21597533 gpu: 287.125 cpu: 287.124
index: 21817058 gpu: 157.596 cpu: 157.597
index: 22855302 gpu: -266.733 cpu: -266.732
index: 23007243 gpu: -321.676 cpu: -321.675
index: 24736397 gpu: -183.828 cpu: -183.827
end
