start
left transpose start
GPU running time: 0.150282
CPU running time: 0.005645
left transpose start
GPU running time: 5.5424e-05
CPU running time: 0.001308
left transpose start
GPU running time: 9.3856e-05
CPU running time: 0.001672
left transpose start
GPU running time: 0.000210304
CPU running time: 0.002204
left transpose start
GPU running time: 0.000238912
CPU running time: 0.002797
left transpose start
GPU running time: 0.000447008
CPU running time: 0.003658
left transpose start
GPU running time: 0.000625952
CPU running time: 0.00481
left transpose start
GPU running time: 0.00106525
CPU running time: 0.006104
left transpose start
GPU running time: 0.00142275
CPU running time: 0.00776
left transpose start
GPU running time: 0.00194646
CPU running time: 0.009633
left transpose start
GPU running time: 0.00241597
CPU running time: 0.01192
left transpose start
GPU running time: 0.0030696
CPU running time: 0.014855
left transpose start
GPU running time: 0.0038
CPU running time: 0.018486
left transpose start
GPU running time: 0.00478032
CPU running time: 0.022188
left transpose start
GPU running time: 0.00567597
CPU running time: 0.027361
left transpose start
GPU running time: 0.0070543
CPU running time: 0.033241
left transpose start
GPU running time: 0.00834938
CPU running time: 0.590594
left transpose start
GPU running time: 0.0101214
CPU running time: 0.046543
left transpose start
GPU running time: 0.0113682
CPU running time: 0.054172
left transpose start
GPU running time: 0.0129443
CPU running time: 0.063122
left transpose start
GPU running time: 0.0151404
CPU running time: 0.072086
left transpose start
GPU running time: 0.0174467
CPU running time: 0.081879
left transpose start
GPU running time: 0.0196912
CPU running time: 0.093618
left transpose start
GPU running time: 0.0222556
CPU running time: 0.107326
left transpose start
GPU running time: 0.025416
CPU running time: 0.119449
left transpose start
GPU running time: 0.0278991
CPU running time: 0.256779
left transpose start
GPU running time: 0.031687
CPU running time: 0.265145
left transpose start
GPU running time: 0.0350793
CPU running time: 0.167201
left transpose start
GPU running time: 0.0391865
CPU running time: 0.184952
left transpose start
GPU running time: 0.0441143
CPU running time: 0.203888
left transpose start
GPU running time: 0.0475306
CPU running time: 0.224954
left transpose start
GPU running time: 0.0517786
CPU running time: 0.245517
index: 4468761 gpu: 229.492 cpu: 229.493
left transpose start
GPU running time: 0.0569972
CPU running time: 0.270454
index: 2419242 gpu: -178.405 cpu: -178.406
left transpose start
GPU running time: 0.0623798
CPU running time: 0.293914
index: 662971 gpu: -266.35 cpu: -266.351
index: 1653005 gpu: 162.568 cpu: 162.567
index: 2040373 gpu: -295.143 cpu: -295.145
index: 4137871 gpu: -165.824 cpu: -165.825
index: 7462147 gpu: 275.057 cpu: 275.058
index: 8632793 gpu: -144.215 cpu: -144.214
index: 12597978 gpu: -241.67 cpu: -241.669
index: 14464697 gpu: 302.32 cpu: 302.321
index: 16203794 gpu: 272.076 cpu: 272.074
left transpose start
GPU running time: 0.0684535
CPU running time: 0.320761
index: 1282049 gpu: 265.951 cpu: 265.952
index: 2678388 gpu: -147.254 cpu: -147.255
index: 5365508 gpu: 128.381 cpu: 128.38
index: 6383676 gpu: -253.545 cpu: -253.544
index: 10307724 gpu: -193.813 cpu: -193.812
index: 11255836 gpu: 294.536 cpu: 294.537
index: 13068172 gpu: -250.91 cpu: -250.909
index: 15664228 gpu: 261.597 cpu: 261.596
index: 17473905 gpu: 289.866 cpu: 289.867
index: 18182390 gpu: -258.597 cpu: -258.598
left transpose start
GPU running time: 0.0747196
CPU running time: 0.349827
index: 2214884 gpu: 295.614 cpu: 295.615
index: 2500074 gpu: 257.355 cpu: 257.356
index: 7759489 gpu: 202.127 cpu: 202.126
index: 8390294 gpu: 289.204 cpu: 289.203
index: 12777759 gpu: 279.401 cpu: 279.402
index: 15845077 gpu: 146.512 cpu: 146.513
index: 15994475 gpu: -270.272 cpu: -270.273
index: 17733413 gpu: -274.934 cpu: -274.933
index: 20796031 gpu: 130.633 cpu: 130.632
left transpose start
GPU running time: 0.0808431
CPU running time: 0.72995
index: 598681 gpu: -277.344 cpu: -277.345
index: 1952418 gpu: 265.69 cpu: 265.691
index: 2403923 gpu: -246.256 cpu: -246.258
index: 5065333 gpu: -286.281 cpu: -286.28
index: 6235240 gpu: -208.451 cpu: -208.452
index: 7706343 gpu: 166.48 cpu: 166.481
index: 11738948 gpu: -136.148 cpu: -136.149
index: 12123290 gpu: -324.81 cpu: -324.811
index: 12645732 gpu: -263.829 cpu: -263.83
index: 15104836 gpu: 143.623 cpu: 143.622
index: 15786934 gpu: -268.263 cpu: -268.265
index: 16830215 gpu: -207.409 cpu: -207.41
index: 18053938 gpu: 218.865 cpu: 218.864
index: 18699606 gpu: 259.627 cpu: 259.626
index: 19381352 gpu: -154.579 cpu: -154.578
index: 20037693 gpu: 144.393 cpu: 144.394
left transpose start
GPU running time: 0.0866549
CPU running time: 0.618548
index: 639035 gpu: 153.193 cpu: 153.192
index: 2940029 gpu: -284.308 cpu: -284.309
index: 4029011 gpu: 292.462 cpu: 292.464
index: 9523903 gpu: -184.185 cpu: -184.184
index: 12227206 gpu: -174.542 cpu: -174.543
index: 13528013 gpu: -244.266 cpu: -244.265
index: 14877045 gpu: 146.653 cpu: 146.654
index: 16757759 gpu: 211.09 cpu: 211.091
index: 17110026 gpu: -172.471 cpu: -172.47
index: 18384217 gpu: -288.562 cpu: -288.561
index: 22477874 gpu: 297.787 cpu: 297.788
index: 23273416 gpu: 254.792 cpu: 254.791
left transpose start
GPU running time: 0.093347
CPU running time: 0.4426
index: 24534 gpu: -188.255 cpu: -188.254
index: 615403 gpu: -137.958 cpu: -137.957
index: 1557814 gpu: -154.839 cpu: -154.838
index: 2391273 gpu: 297.338 cpu: 297.337
index: 3039809 gpu: -126.014 cpu: -126.013
index: 3433657 gpu: -282.667 cpu: -282.668
index: 4566943 gpu: -224.565 cpu: -224.566
index: 6097629 gpu: 314.51 cpu: 314.509
index: 7174364 gpu: 287.587 cpu: 287.586
index: 8195377 gpu: 132.416 cpu: 132.415
index: 9167734 gpu: -247.756 cpu: -247.755
index: 9926229 gpu: 172.82 cpu: 172.819
index: 10448124 gpu: -273.252 cpu: -273.253
index: 10614378 gpu: 203.928 cpu: 203.927
index: 12858862 gpu: 158.516 cpu: 158.517
index: 15996883 gpu: 190.314 cpu: 190.313
index: 16023254 gpu: 256.22 cpu: 256.221
index: 16293897 gpu: -205.049 cpu: -205.05
index: 17437318 gpu: 158.206 cpu: 158.205
index: 17725944 gpu: -261.451 cpu: -261.45
index: 18902092 gpu: -212.699 cpu: -212.7
index: 20482485 gpu: -163.816 cpu: -163.815
index: 20977510 gpu: 231.947 cpu: 231.946
index: 23249460 gpu: -303.997 cpu: -303.995
left transpose start
GPU running time: 0.101056
CPU running time: 0.480262
index: 510873 gpu: 271.066 cpu: 271.067
index: 936213 gpu: -274.895 cpu: -274.894
index: 4553103 gpu: 295.245 cpu: 295.246
index: 4733714 gpu: -193.403 cpu: -193.404
index: 4759462 gpu: 198.185 cpu: 198.186
index: 5359543 gpu: -227.589 cpu: -227.588
index: 7218579 gpu: -219.689 cpu: -219.69
index: 7864958 gpu: 198.06 cpu: 198.059
index: 7994695 gpu: 253.865 cpu: 253.867
index: 8228618 gpu: 268.558 cpu: 268.557
index: 8594218 gpu: 134.48 cpu: 134.479
index: 9972042 gpu: 260.277 cpu: 260.276
index: 11144913 gpu: 275.207 cpu: 275.208
index: 11290991 gpu: -224.638 cpu: -224.637
index: 11857573 gpu: 220.277 cpu: 220.278
index: 12381725 gpu: 187.726 cpu: 187.727
index: 13075214 gpu: 275.089 cpu: 275.088
index: 13121086 gpu: -318.324 cpu: -318.325
index: 13606995 gpu: -254.868 cpu: -254.869
index: 13662468 gpu: 254.379 cpu: 254.378
index: 14191934 gpu: 163.291 cpu: 163.292
index: 14716880 gpu: -303.401 cpu: -303.402
index: 15272865 gpu: -155.537 cpu: -155.536
index: 17019730 gpu: -173.326 cpu: -173.327
index: 17109234 gpu: -245.354 cpu: -245.353
index: 17552824 gpu: 296.755 cpu: 296.756
index: 19088019 gpu: 174.119 cpu: 174.12
index: 19115554 gpu: -185.363 cpu: -185.362
index: 19349850 gpu: -212.243 cpu: -212.244
index: 22173749 gpu: -271.428 cpu: -271.427
index: 22298672 gpu: -165.711 cpu: -165.712
index: 22400969 gpu: -178.488 cpu: -178.489
index: 24664938 gpu: -136.188 cpu: -136.189
index: 25321012 gpu: 142.868 cpu: 142.867
end
